1	100	41.89000	41.89000	15233	0	2.28003	celf	1486965272453	10000
2	474	38.76000	80.65000	1	0	2.28390	celf	1486965272453	10000
3	639	31.25000	111.90000	14	0	2.35625	celf	1486965272453	10000
4	124	30.47000	142.37000	3	0	2.37488	celf	1486965272453	10000
5	606	29.28000	171.65000	3	0	2.39787	celf	1486965272453	10000
6	239	28.55000	200.20000	3	0	2.42395	celf	1486965272453	10000
7	196	26.63000	226.83000	16	0	2.58222	celf	1486965272453	10000
8	287	23.76000	250.59000	27	0	2.88067	celf	1486965272453	10000
9	1162	23.04000	273.63000	8	0	2.98255	celf	1486965272453	10000
10	66	22.08000	295.71000	14	0	3.17253	celf	1486965272453	10000
11	99	21.72000	317.43000	14	0	3.37532	celf	1486965272453	10000
12	563	22.45000	339.88000	2	0	3.40633	celf	1486965272453	10000
13	128	20.33000	360.21000	19	0	3.72125	celf	1486965272453	10000
14	14	20.58000	380.79000	3	0	3.77338	celf	1486965272453	10000
15	192	18.49000	399.28000	54	0	4.77193	celf	1486965272453	10000
16	210	18.85000	418.13000	4	0	4.84805	celf	1486965272453	10000
17	634	19.73000	437.86000	1	0	4.86922	celf	1486965272453	10000
18	105	17.61000	455.47000	21	0	5.31087	celf	1486965272453	10000
19	4824	17.55000	473.02000	22	0	5.78700	celf	1486965272453	10000
20	221	18.82000	491.84000	15	0	6.13438	celf	1486965272453	10000
21	80	17.01000	508.85000	18	0	6.55497	celf	1486965272453	10000
22	599	16.15000	525.00000	12	0	6.84500	celf	1486965272453	10000
23	525	16.35000	541.35000	8	0	7.04177	celf	1486965272453	10000
24	307	15.72000	557.07000	25	0	7.68963	celf	1486965272453	10000
25	37	16.41000	573.48000	6	0	7.84538	celf	1486965272453	10000
26	705	16.49000	589.97000	2	0	7.89927	celf	1486965272453	10000
27	535	16.69000	606.66000	9	0	8.15347	celf	1486965272453	10000
28	1292	14.98000	621.64000	8	0	8.38392	celf	1486965272453	10000
29	60	14.73000	636.37000	22	0	9.18715	celf	1486965272453	10000
30	326	14.69000	651.06000	37	0	10.75078	celf	1486965272453	10000
31	989	14.94000	666.00000	12	0	11.25275	celf	1486965272453	10000
32	1987	15.35000	681.35000	2	0	11.33352	celf	1486965272453	10000
33	562	14.20000	695.55000	5	0	11.55312	celf	1486965272453	10000
34	6072	13.89000	709.44000	6	0	11.81678	celf	1486965272453	10000
35	1156	13.72000	723.16000	8	0	12.19333	celf	1486965272453	10000
36	27	14.97000	738.13000	4	0	12.40212	celf	1486965272453	10000
37	236	13.18000	751.31000	56	0	15.45892	celf	1486965272453	10000
38	8450	13.38000	764.69000	4	0	15.67407	celf	1486965272453	10000
39	682	15.02000	779.71000	11	0	16.30510	celf	1486965272453	10000
40	6638	12.44000	792.15000	55	0	19.47307	celf	1486965272453	10000
41	140	12.27000	804.42000	50	0	22.40213	celf	1486965272453	10000
42	9994	14.04000	818.46000	1	0	22.46392	celf	1486965272453	10000
43	507	14.27000	832.73000	16	0	23.45642	celf	1486965272453	10000
44	41	11.75000	844.48000	12	0	24.19683	celf	1486965272453	10000
45	412	12.09000	856.57000	9	0	24.79722	celf	1486965272453	10000
46	1520	12.47000	869.04000	16	0	25.83852	celf	1486965272453	10000
47	2796	12.05000	881.09000	11	0	26.56915	celf	1486965272453	10000
48	359	12.86000	893.95000	8	0	27.09025	celf	1486965272453	10000
49	3210	11.40000	905.35000	7	0	27.54945	celf	1486965272453	10000
50	1635	13.97000	919.32000	4	0	27.82500	celf	1486965272453	10000
51	1692	12.38000	931.70000	16	0	28.93408	celf	1486965272453	10000
52	111	11.11000	942.81000	39	0	31.62383	celf	1486965272453	10000
53	3978	12.42000	955.23000	2	0	31.76698	celf	1486965272453	10000
54	6271	10.87000	966.10000	26	0	33.61328	celf	1486965272453	10000
55	150	12.83000	978.93000	14	0	34.63857	celf	1486965272453	10000
56	159	10.77000	989.70000	19	0	36.03663	celf	1486965272453	10000
57	1429	10.71000	1000.41000	24	0	37.83168	celf	1486965272453	10000
58	512	12.55000	1012.96000	2	0	37.98278	celf	1486965272453	10000
59	1599	10.66000	1023.62000	11	0	38.81023	celf	1486965272453	10000
60	274	11.47000	1035.09000	13	0	39.79773	celf	1486965272453	10000
61	2067	10.73000	1045.82000	1	0	39.87753	celf	1486965272453	10000
62	1312	10.72000	1056.54000	2	0	40.03840	celf	1486965272453	10000
63	4266	11.19000	1067.73000	1	0	40.11543	celf	1486965272453	10000
64	2603	11.28000	1079.01000	3	0	40.34693	celf	1486965272453	10000
65	92	11.84000	1090.85000	2	0	40.50510	celf	1486965272453	10000
66	6836	10.52000	1101.37000	8	0	41.14947	celf	1486965272453	10000
67	632	11.98000	1113.35000	5	0	41.55728	celf	1486965272453	10000
68	266	10.32000	1123.67000	15	0	42.80897	celf	1486965272453	10000
69	2389	10.53000	1134.20000	6	0	43.29982	celf	1486965272453	10000
70	156	10.89000	1145.09000	1	0	43.38297	celf	1486965272453	10000
71	1827	14.42000	1159.51000	1	0	43.46782	celf	1486965272453	10000
72	839	10.42000	1169.93000	42	0	47.07107	celf	1486965272453	10000
73	885	9.99000	1179.92000	31	0	49.73180	celf	1486965272453	10000
74	2455	10.02000	1189.94000	3	0	49.99155	celf	1486965272453	10000
75	866	10.05000	1199.99000	2	0	50.16448	celf	1486965272453	10000
76	695	11.04000	1211.03000	5	0	50.60073	celf	1486965272453	10000
77	382	9.97000	1221.00000	4	0	50.95470	celf	1486965272453	10000
78	4609	10.01000	1231.01000	4	0	51.31583	celf	1486965272453	10000
79	571	9.74000	1240.75000	14	0	52.59537	celf	1486965272453	10000
80	1370	11.43000	1252.18000	18	0	54.25872	celf	1486965272453	10000
81	1159	9.55000	1261.73000	51	0	58.99258	celf	1486965272453	10000
82	1689	10.85000	1272.58000	1	0	59.08607	celf	1486965272453	10000
83	721	8.90000	1281.48000	111	0	69.52170	celf	1486965272453	10000
84	5629	9.18000	1290.66000	32	0	72.55725	celf	1486965272453	10000
85	985	9.33000	1299.99000	9	0	73.41732	celf	1486965272453	10000
86	131	9.31000	1309.30000	12	0	74.56728	celf	1486965272453	10000
87	255	10.45000	1319.75000	21	0	76.60833	celf	1486965272453	10000
88	741	8.69000	1328.44000	9	0	77.50090	celf	1486965272453	10000
89	9908	10.95000	1339.39000	11	0	78.58195	celf	1486965272453	10000
90	3138	10.28000	1349.67000	4	0	78.98627	celf	1486965272453	10000
91	1327	9.61000	1359.28000	4	0	79.37893	celf	1486965272453	10000
92	2800	9.84000	1369.12000	2	0	79.57827	celf	1486965272453	10000
93	1449	10.57000	1379.69000	2	0	79.78157	celf	1486965272453	10000
94	5176	8.63000	1388.32000	1	0	79.88660	celf	1486965272453	10000
95	2331	10.78000	1399.10000	18	0	81.72253	celf	1486965272453	10000
96	2626	8.76000	1407.86000	1	0	81.82510	celf	1486965272453	10000
97	1758	10.20000	1418.06000	11	0	82.97810	celf	1486965272453	10000
98	417	9.01000	1427.07000	13	0	84.35167	celf	1486965272453	10000
99	76	8.44000	1435.51000	16	0	86.05792	celf	1486965272453	10000
100	559	9.46000	1444.97000	1	0	86.16152	celf	1486965272453	10000
101	2283	8.40000	1453.37000	21	0	88.43432	celf	1486965272453	10000
102	2133	8.44000	1461.81000	3	0	88.76653	celf	1486965272453	10000
103	3770	9.91000	1471.72000	1	0	88.87900	celf	1486965272453	10000
104	3344	10.15000	1481.87000	7	0	89.65462	celf	1486965272453	10000
105	2033	9.05000	1490.92000	10	0	90.75352	celf	1486965272453	10000
106	2247	8.80000	1499.72000	8	0	91.63368	celf	1486965272453	10000
107	3128	8.64000	1508.36000	4	0	92.07707	celf	1486965272453	10000
108	5607	9.24000	1517.60000	18	0	94.16097	celf	1486965272453	10000
109	7417	10.48000	1528.08000	1	0	94.27478	celf	1486965272453	10000
110	586	8.29000	1536.37000	14	0	95.89737	celf	1486965272453	10000
111	363	10.80000	1547.17000	5	0	96.47585	celf	1486965272453	10000
112	688	8.76000	1555.93000	16	0	98.36523	celf	1486965272453	10000
113	5335	8.89000	1564.82000	32	0	102.14728	celf	1486965272453	10000
114	3914	9.34000	1574.16000	18	0	104.27403	celf	1486965272453	10000
115	15	9.06000	1583.22000	38	0	108.82847	celf	1486965272453	10000
116	1617	9.10000	1592.32000	11	0	110.13717	celf	1486965272453	10000
117	3641	9.21000	1601.53000	2	0	110.37805	celf	1486965272453	10000
118	1320	10.06000	1611.59000	18	0	112.57377	celf	1486965272453	10000
119	110	8.60000	1620.19000	6	0	113.29067	celf	1486965272453	10000
120	10122	8.15000	1628.34000	3	0	113.64830	celf	1486965272453	10000
121	122	8.31000	1636.65000	51	0	119.86522	celf	1486965272453	10000
122	19	7.85000	1644.50000	1	0	119.98977	celf	1486965272453	10000
123	2017	9.66000	1654.16000	32	0	123.93798	celf	1486965272453	10000
124	4141	7.98000	1662.14000	86	0	134.61137	celf	1486965272453	10000
125	1434	7.52000	1669.66000	1	0	134.73840	celf	1486965272453	10000
126	1515	8.32000	1677.98000	12	0	136.26033	celf	1486965272453	10000
127	3736	7.39000	1685.37000	3	0	136.64822	celf	1486965272453	10000
128	2774	7.59000	1692.96000	8	0	137.66500	celf	1486965272453	10000
129	36	8.93000	1701.89000	6	0	138.43217	celf	1486965272453	10000
130	2804	8.40000	1710.29000	5	0	139.05652	celf	1486965272453	10000
131	3827	8.21000	1718.50000	1	0	139.18210	celf	1486965272453	10000
132	8330	8.63000	1727.13000	5	0	139.83682	celf	1486965272453	10000
133	1282	8.44000	1735.57000	1	0	139.96740	celf	1486965272453	10000
134	1188	7.83000	1743.40000	8	0	141.00415	celf	1486965272453	10000
135	1665	7.12000	1750.52000	1	0	141.13218	celf	1486965272453	10000
136	3254	8.70000	1759.22000	16	0	143.24240	celf	1486965272453	10000
137	5263	7.23000	1766.45000	1	0	143.37782	celf	1486965272453	10000
138	144	7.11000	1773.56000	7	0	144.28968	celf	1486965272453	10000
139	4649	7.32000	1780.88000	19	0	146.83495	celf	1486965272453	10000
140	11079	8.11000	1788.99000	7	0	147.77890	celf	1486965272453	10000
141	1238	8.47000	1797.46000	3	0	148.18267	celf	1486965272453	10000
142	1731	7.43000	1804.89000	14	0	150.06332	celf	1486965272453	10000
143	8195	7.23000	1812.12000	6	0	150.86915	celf	1486965272453	10000
144	3847	7.18000	1819.30000	30	0	154.94487	celf	1486965272453	10000
145	1169	8.47000	1827.77000	8	0	156.05242	celf	1486965272453	10000
146	8987	7.35000	1835.12000	1	0	156.18988	celf	1486965272453	10000
147	515	6.87000	1841.99000	57	0	164.05038	celf	1486965272453	10000
148	3779	7.38000	1849.37000	5	0	164.73887	celf	1486965272453	10000
149	8461	6.95000	1856.32000	3	0	165.16373	celf	1486965272453	10000
150	657	8.23000	1864.55000	11	0	166.70982	celf	1486965272453	10000
151	63	8.28000	1872.83000	14	0	168.65552	celf	1486965272453	10000
152	4612	8.14000	1880.97000	21	0	171.59835	celf	1486965272453	10000
153	1810	6.02000	1886.99000	407	0	229.28150	celf	1486965272453	10000
154	590	8.11000	1895.10000	31	0	233.74677	celf	1486965272453	10000
155	5550	6.89000	1901.99000	2	0	234.04945	celf	1486965272453	10000
156	3684	7.13000	1909.12000	9	0	235.33408	celf	1486965272453	10000
157	2015	6.27000	1915.39000	16	0	237.65438	celf	1486965272453	10000
158	6165	6.42000	1921.81000	2	0	237.94252	celf	1486965272453	10000
159	51	7.28000	1929.09000	2	0	238.23358	celf	1486965272453	10000
160	442	6.87000	1935.96000	1	0	238.37303	celf	1486965272453	10000
161	224	10.11000	1946.07000	5	0	239.10213	celf	1486965272453	10000
162	2141	6.44000	1952.51000	47	0	246.04693	celf	1486965272453	10000
163	858	6.23000	1958.74000	8	0	247.24270	celf	1486965272453	10000
164	6583	6.06000	1964.80000	2	0	247.53077	celf	1486965272453	10000
165	1074	7.66000	1972.46000	5	0	248.27317	celf	1486965272453	10000
166	8778	6.31000	1978.77000	1	0	248.42020	celf	1486965272453	10000
167	2259	6.25000	1985.02000	9	0	249.77070	celf	1486965272453	10000
168	1488	6.20000	1991.22000	6	0	250.69350	celf	1486965272453	10000
169	3792	6.54000	1997.76000	2	0	251.00225	celf	1486965272453	10000
170	129	6.24000	2004.00000	21	0	254.18737	celf	1486965272453	10000
171	2964	6.14000	2010.14000	7	0	255.25473	celf	1486965272453	10000
172	1256	6.90000	2017.04000	7	0	256.30752	celf	1486965272453	10000
173	316	6.90000	2023.94000	13	0	258.27315	celf	1486965272453	10000
174	646	7.29000	2031.23000	1	0	258.41407	celf	1486965272453	10000
175	8471	6.67000	2037.90000	3	0	258.85803	celf	1486965272453	10000
176	7267	6.63000	2044.53000	41	0	265.05992	celf	1486965272453	10000
177	2231	5.99000	2050.52000	2	0	265.36687	celf	1486965272453	10000
178	638	6.45000	2056.97000	3	0	265.82572	celf	1486965272453	10000
179	3696	6.41000	2063.38000	12	0	267.58313	celf	1486965272453	10000
180	354	8.57000	2071.95000	9	0	268.86892	celf	1486965272453	10000
181	1784	5.94000	2077.89000	119	0	284.06157	celf	1486965272453	10000
182	3423	5.67000	2083.56000	2	0	284.29417	celf	1486965272453	10000
183	2002	5.49000	2089.05000	27	0	287.13838	celf	1486965272453	10000
184	5904	5.51000	2094.56000	7	0	287.78115	celf	1486965272453	10000
185	2040	5.59000	2100.15000	24	0	289.87487	celf	1486965272453	10000
186	8467	6.53000	2106.68000	5	0	290.28427	celf	1486965272453	10000
187	650	5.92000	2112.60000	9	0	291.01968	celf	1486965272453	10000
188	312	6.62000	2119.22000	24	0	292.99373	celf	1486965272453	10000
189	227	5.69000	2124.91000	7	0	293.56652	celf	1486965272453	10000
190	249	5.58000	2130.49000	2	0	293.73093	celf	1486965272453	10000
191	2417	7.37000	2137.86000	1	0	293.81462	celf	1486965272453	10000
192	10104	5.69000	2143.55000	2	0	293.98217	celf	1486965272453	10000
193	5922	6.81000	2150.36000	3	0	294.23403	celf	1486965272453	10000
194	2928	5.85000	2156.21000	14	0	295.39268	celf	1486965272453	10000
195	3566	7.57000	2163.78000	9	0	296.09593	celf	1486965272453	10000
196	3533	7.96000	2171.74000	16	0	297.34277	celf	1486965272453	10000
197	7185	7.31000	2179.05000	2	0	297.50245	celf	1486965272453	10000
198	42	5.53000	2184.58000	16	0	298.78948	celf	1486965272453	10000
199	6250	5.38000	2189.96000	16	0	300.06523	celf	1486965272453	10000
200	1086	5.52000	2195.48000	2	0	300.21502	celf	1486965272453	10000
