1	100	42.08000	42.08000	15233	0	3.26935	celf	1488314347675	10000
2	474	37.97000	80.05000	1	0	3.27488	celf	1488314347675	10000
3	124	32.84000	112.89000	7	0	3.32532	celf	1488314347675	10000
4	239	29.55000	142.44000	10	0	3.41788	celf	1488314347675	10000
5	639	30.67000	173.11000	5	0	3.47273	celf	1488314347675	10000
6	606	26.00000	199.11000	16	0	3.66962	celf	1488314347675	10000
7	99	25.30000	224.41000	7	0	3.76367	celf	1488314347675	10000
8	196	24.38000	248.79000	11	0	3.95438	celf	1488314347675	10000
9	287	25.01000	273.80000	11	0	4.16390	celf	1488314347675	10000
10	66	21.84000	295.64000	23	0	4.65583	celf	1488314347675	10000
11	1162	22.22000	317.86000	6	0	4.79593	celf	1488314347675	10000
12	14	21.97000	339.83000	11	0	5.05950	celf	1488314347675	10000
13	236	20.77000	360.60000	45	0	6.21808	celf	1488314347675	10000
14	221	18.25000	378.85000	33	0	7.13020	celf	1488314347675	10000
15	128	18.72000	397.57000	3	0	7.21515	celf	1488314347675	10000
16	328	17.81000	415.38000	5	0	7.35732	celf	1488314347675	10000
17	192	18.72000	434.10000	8	0	7.61512	celf	1488314347675	10000
18	4824	18.40000	452.50000	5	0	7.77703	celf	1488314347675	10000
19	525	18.55000	471.05000	6	0	7.98688	celf	1488314347675	10000
20	307	17.99000	489.04000	3	0	8.09598	celf	1488314347675	10000
21	210	16.35000	505.39000	46	0	9.78855	celf	1488314347675	10000
22	131	16.94000	522.33000	7	0	10.04678	celf	1488314347675	10000
23	563	15.79000	538.12000	24	0	10.97423	celf	1488314347675	10000
24	535	15.35000	553.47000	18	0	11.69420	celf	1488314347675	10000
25	37	17.02000	570.49000	1	0	11.73665	celf	1488314347675	10000
26	363	15.65000	586.14000	14	0	12.32692	celf	1488314347675	10000
27	274	16.19000	602.33000	2	0	12.40967	celf	1488314347675	10000
28	562	16.73000	619.06000	4	0	12.58812	celf	1488314347675	10000
29	507	14.30000	633.36000	53	0	15.02042	celf	1488314347675	10000
30	634	15.34000	648.70000	9	0	15.43347	celf	1488314347675	10000
31	266	13.43000	662.13000	51	0	17.88143	celf	1488314347675	10000
32	682	14.07000	676.20000	3	0	18.02987	celf	1488314347675	10000
33	60	14.15000	690.35000	12	0	18.63942	celf	1488314347675	10000
34	989	16.63000	706.98000	6	0	18.95343	celf	1488314347675	10000
35	80	13.95000	720.93000	13	0	19.62985	celf	1488314347675	10000
36	8450	13.13000	734.06000	27	0	21.12647	celf	1488314347675	10000
37	599	14.72000	748.78000	6	0	21.48340	celf	1488314347675	10000
38	111	13.53000	762.31000	6	0	21.84145	celf	1488314347675	10000
39	1520	13.96000	776.27000	9	0	22.36492	celf	1488314347675	10000
40	1292	13.23000	789.50000	5	0	22.65423	celf	1488314347675	10000
41	156	12.62000	802.12000	4	0	22.90017	celf	1488314347675	10000
42	1692	12.52000	814.64000	3	0	23.08618	celf	1488314347675	10000
43	512	12.61000	827.25000	21	0	24.44338	celf	1488314347675	10000
44	1987	13.12000	840.37000	2	0	24.56800	celf	1488314347675	10000
45	793	13.76000	854.13000	12	0	25.34033	celf	1488314347675	10000
46	1429	11.44000	865.57000	111	0	32.81700	celf	1488314347675	10000
47	105	11.63000	877.20000	17	0	33.98442	celf	1488314347675	10000
48	255	12.64000	889.84000	1	0	34.05307	celf	1488314347675	10000
49	6638	14.06000	903.90000	3	0	34.25683	celf	1488314347675	10000
50	1312	13.62000	917.52000	18	0	35.54652	celf	1488314347675	10000
51	6072	10.80000	928.32000	89	0	41.93415	celf	1488314347675	10000
52	92	13.17000	941.49000	11	0	42.72378	celf	1488314347675	10000
53	2462	12.24000	953.73000	5	0	43.09153	celf	1488314347675	10000
54	2017	10.64000	964.37000	25	0	44.93445	celf	1488314347675	10000
55	15	10.09000	974.46000	41	0	48.06175	celf	1488314347675	10000
56	412	11.11000	985.57000	5	0	48.43847	celf	1488314347675	10000
57	3095	10.27000	995.84000	4	0	48.76317	celf	1488314347675	10000
58	839	11.55000	1007.39000	2	0	48.92008	celf	1488314347675	10000
59	866	13.83000	1021.22000	9	0	49.64425	celf	1488314347675	10000
60	1449	9.87000	1031.09000	21	0	51.33128	celf	1488314347675	10000
61	27	9.89000	1040.98000	17	0	52.70358	celf	1488314347675	10000
62	9994	10.60000	1051.58000	9	0	53.43220	celf	1488314347675	10000
63	515	9.84000	1061.42000	5	0	53.85250	celf	1488314347675	10000
64	1156	9.73000	1071.15000	2	0	54.01537	celf	1488314347675	10000
65	9634	9.74000	1080.89000	3	0	54.27285	celf	1488314347675	10000
66	150	11.07000	1091.96000	21	0	56.04985	celf	1488314347675	10000
67	705	9.56000	1101.52000	13	0	57.17157	celf	1488314347675	10000
68	3462	11.02000	1112.54000	2	0	57.34132	celf	1488314347675	10000
69	1370	9.61000	1122.15000	16	0	58.72385	celf	1488314347675	10000
70	7854	9.54000	1131.69000	6	0	59.26460	celf	1488314347675	10000
71	42	10.28000	1141.97000	8	0	59.97110	celf	1488314347675	10000
72	2796	11.04000	1153.01000	3	0	60.24402	celf	1488314347675	10000
73	3160	10.71000	1163.72000	5	0	60.70122	celf	1488314347675	10000
74	6836	9.23000	1172.95000	88	0	68.87130	celf	1488314347675	10000
75	36	9.23000	1182.18000	12	0	69.96053	celf	1488314347675	10000
76	9908	12.01000	1194.19000	1	0	70.05780	celf	1488314347675	10000
77	326	9.94000	1204.13000	15	0	71.47617	celf	1488314347675	10000
78	11079	9.22000	1213.35000	6	0	72.04633	celf	1488314347675	10000
79	140	8.79000	1222.14000	18	0	73.74083	celf	1488314347675	10000
80	2015	10.29000	1232.43000	1	0	73.83687	celf	1488314347675	10000
81	657	9.24000	1241.67000	9	0	74.70722	celf	1488314347675	10000
82	1827	11.57000	1253.24000	1	0	74.80732	celf	1488314347675	10000
83	5607	9.81000	1263.05000	1	0	74.90808	celf	1488314347675	10000
84	151	9.69000	1272.74000	8	0	75.70013	celf	1488314347675	10000
85	553	9.21000	1281.95000	22	0	77.92098	celf	1488314347675	10000
86	3210	9.77000	1291.72000	11	0	79.04600	celf	1488314347675	10000
87	359	11.49000	1303.21000	4	0	79.47945	celf	1488314347675	10000
88	1635	8.85000	1312.06000	2	0	79.68805	celf	1488314347675	10000
89	2133	9.83000	1321.89000	5	0	80.20605	celf	1488314347675	10000
90	1038	10.38000	1332.27000	2	0	80.41257	celf	1488314347675	10000
91	1434	10.20000	1342.47000	4	0	80.83963	celf	1488314347675	10000
92	572	9.37000	1351.84000	30	0	84.05765	celf	1488314347675	10000
93	5020	8.65000	1360.49000	4	0	84.48347	celf	1488314347675	10000
94	2804	8.79000	1369.28000	11	0	85.65943	celf	1488314347675	10000
95	2033	8.98000	1378.26000	3	0	85.99412	celf	1488314347675	10000
96	1282	9.59000	1387.85000	4	0	86.43677	celf	1488314347675	10000
97	632	9.55000	1397.40000	1	0	86.54930	celf	1488314347675	10000
98	2389	10.35000	1407.75000	7	0	87.37595	celf	1488314347675	10000
99	7417	10.51000	1418.26000	26	0	90.29185	celf	1488314347675	10000
100	6271	10.33000	1428.59000	19	0	92.38622	celf	1488314347675	10000
101	985	8.37000	1436.96000	8	0	93.26780	celf	1488314347675	10000
102	1044	8.58000	1445.54000	1	0	93.38185	celf	1488314347675	10000
103	4266	10.65000	1456.19000	7	0	94.18413	celf	1488314347675	10000
104	559	9.16000	1465.35000	5	0	94.74360	celf	1488314347675	10000
105	1169	9.20000	1474.55000	3	0	95.09583	celf	1488314347675	10000
106	2704	9.41000	1483.96000	7	0	95.89775	celf	1488314347675	10000
107	5629	9.37000	1493.33000	10	0	97.04792	celf	1488314347675	10000
108	396	9.87000	1503.20000	17	0	99.08842	celf	1488314347675	10000
109	1759	7.87000	1511.07000	53	0	105.42460	celf	1488314347675	10000
110	2800	8.22000	1519.29000	42	0	110.51603	celf	1488314347675	10000
111	2626	10.50000	1529.79000	9	0	111.59495	celf	1488314347675	10000
112	1327	9.78000	1539.57000	12	0	113.04663	celf	1488314347675	10000
113	349	8.19000	1547.76000	6	0	113.79247	celf	1488314347675	10000
114	5314	7.87000	1555.63000	8	0	114.76748	celf	1488314347675	10000
115	586	8.22000	1563.85000	29	0	118.33617	celf	1488314347675	10000
116	1238	7.89000	1571.74000	1	0	118.45970	celf	1488314347675	10000
117	6512	8.04000	1579.78000	2	0	118.70777	celf	1488314347675	10000
118	7145	8.52000	1588.30000	1	0	118.83088	celf	1488314347675	10000
119	3128	8.61000	1596.91000	16	0	120.84725	celf	1488314347675	10000
120	4181	8.16000	1605.07000	84	0	131.52993	celf	1488314347675	10000
121	63	11.05000	1616.12000	12	0	133.05432	celf	1488314347675	10000
122	649	6.94000	1623.06000	272	0	168.01247	celf	1488314347675	10000
123	3827	7.29000	1630.35000	48	0	174.26563	celf	1488314347675	10000
124	2916	8.55000	1638.90000	2	0	174.53118	celf	1488314347675	10000
125	724	7.74000	1646.64000	5	0	175.18220	celf	1488314347675	10000
126	915	7.81000	1654.45000	12	0	176.75350	celf	1488314347675	10000
127	382	7.14000	1661.59000	33	0	181.17072	celf	1488314347675	10000
128	5263	7.64000	1669.23000	6	0	181.98287	celf	1488314347675	10000
129	437	6.70000	1675.93000	6	0	182.78655	celf	1488314347675	10000
130	1413	7.58000	1683.51000	1	0	182.92290	celf	1488314347675	10000
131	4804	7.91000	1691.42000	10	0	184.31060	celf	1488314347675	10000
132	661	6.79000	1698.21000	3	0	184.71292	celf	1488314347675	10000
133	5550	6.71000	1704.92000	6	0	185.53232	celf	1488314347675	10000
134	129	7.47000	1712.39000	10	0	186.87578	celf	1488314347675	10000
135	1943	6.65000	1719.04000	1	0	187.01382	celf	1488314347675	10000
136	7070	6.60000	1725.64000	4	0	187.55692	celf	1488314347675	10000
137	3099	7.11000	1732.75000	1	0	187.71235	celf	1488314347675	10000
138	2928	7.14000	1739.89000	7	0	188.67865	celf	1488314347675	10000
139	1652	6.54000	1746.43000	1	0	188.81992	celf	1488314347675	10000
140	3138	7.29000	1753.72000	1	0	188.96043	celf	1488314347675	10000
141	224	6.57000	1760.29000	4	0	189.52713	celf	1488314347675	10000
142	2841	7.76000	1768.05000	7	0	190.52622	celf	1488314347675	10000
143	5597	6.62000	1774.67000	6	0	191.38720	celf	1488314347675	10000
144	312	8.34000	1783.01000	3	0	191.83727	celf	1488314347675	10000
145	5176	7.95000	1790.96000	10	0	193.29457	celf	1488314347675	10000
146	4353	6.61000	1797.57000	5	0	193.98892	celf	1488314347675	10000
147	267	7.66000	1805.23000	12	0	195.75542	celf	1488314347675	10000
148	695	7.90000	1813.13000	1	0	195.92460	celf	1488314347675	10000
149	1240	7.25000	1820.38000	12	0	197.65845	celf	1488314347675	10000
150	2603	9.39000	1829.77000	1	0	197.80075	celf	1488314347675	10000
151	1888	6.65000	1836.42000	20	0	200.70818	celf	1488314347675	10000
152	1620	6.68000	1843.10000	2	0	201.02727	celf	1488314347675	10000
153	8778	6.50000	1849.60000	3	0	201.46477	celf	1488314347675	10000
154	5033	6.78000	1856.38000	1	0	201.61198	celf	1488314347675	10000
155	4609	7.69000	1864.07000	5	0	202.38117	celf	1488314347675	10000
156	2644	6.69000	1870.76000	1	0	202.53410	celf	1488314347675	10000
157	51	8.64000	1879.40000	12	0	204.36753	celf	1488314347675	10000
158	11099	6.56000	1885.96000	2	0	204.67072	celf	1488314347675	10000
159	3641	7.49000	1893.45000	9	0	206.02405	celf	1488314347675	10000
160	4962	7.93000	1901.38000	7	0	207.08752	celf	1488314347675	10000
161	435	6.18000	1907.56000	82	0	219.66538	celf	1488314347675	10000
162	3683	6.43000	1913.99000	15	0	221.95977	celf	1488314347675	10000
163	1405	8.38000	1922.37000	1	0	222.12053	celf	1488314347675	10000
164	3914	6.39000	1928.76000	23	0	225.69080	celf	1488314347675	10000
165	227	6.37000	1935.13000	23	0	229.30040	celf	1488314347675	10000
166	2455	6.53000	1941.66000	26	0	233.36442	celf	1488314347675	10000
167	72	7.32000	1948.98000	6	0	234.31590	celf	1488314347675	10000
168	3770	7.86000	1956.84000	3	0	234.79018	celf	1488314347675	10000
169	5335	7.04000	1963.88000	11	0	236.58153	celf	1488314347675	10000
170	2234	6.46000	1970.34000	5	0	237.36785	celf	1488314347675	10000
171	1665	6.59000	1976.93000	15	0	239.82092	celf	1488314347675	10000
172	8467	6.61000	1983.54000	13	0	241.90380	celf	1488314347675	10000
173	159	7.09000	1990.63000	14	0	244.18163	celf	1488314347675	10000
174	1277	6.34000	1996.97000	1	0	244.34297	celf	1488314347675	10000
175	861	7.80000	2004.77000	7	0	245.47405	celf	1488314347675	10000
176	1033	6.72000	2011.49000	1	0	245.64052	celf	1488314347675	10000
177	12	6.99000	2018.48000	6	0	246.67523	celf	1488314347675	10000
178	7299	6.41000	2024.89000	3	0	247.17432	celf	1488314347675	10000
179	6097	5.97000	2030.86000	9	0	248.66275	celf	1488314347675	10000
180	3254	6.09000	2036.95000	41	0	255.43790	celf	1488314347675	10000
181	2297	7.64000	2044.59000	5	0	256.28342	celf	1488314347675	10000
182	6675	5.86000	2050.45000	33	0	261.83562	celf	1488314347675	10000
183	2653	6.83000	2057.28000	27	0	266.37707	celf	1488314347675	10000
184	688	8.22000	2065.50000	1	0	266.54488	celf	1488314347675	10000
185	1521	7.96000	2073.46000	7	0	267.75002	celf	1488314347675	10000
186	3736	7.14000	2080.60000	1	0	267.90580	celf	1488314347675	10000
187	1078	6.39000	2086.99000	14	0	270.16875	celf	1488314347675	10000
188	6693	8.47000	2095.46000	5	0	270.98200	celf	1488314347675	10000
189	122	6.87000	2102.33000	6	0	271.95853	celf	1488314347675	10000
190	741	5.82000	2108.15000	1	0	272.12295	celf	1488314347675	10000
191	408	7.16000	2115.31000	7	0	273.28118	celf	1488314347675	10000
192	2748	6.03000	2121.34000	1	0	273.44242	celf	1488314347675	10000
193	2231	5.79000	2127.13000	6	0	274.40925	celf	1488314347675	10000
194	1517	6.60000	2133.73000	25	0	278.52027	celf	1488314347675	10000
195	423	6.48000	2140.21000	60	0	287.35380	celf	1488314347675	10000
196	2283	6.49000	2146.70000	57	0	295.04798	celf	1488314347675	10000
197	26	5.68000	2152.38000	4	0	295.57277	celf	1488314347675	10000
198	2331	10.72000	2163.10000	4	0	296.06655	celf	1488314347675	10000
199	1153	5.76000	2168.86000	5	0	296.74603	celf	1488314347675	10000
200	436	8.38000	2177.24000	11	0	298.16037	celf	1488314347675	10000
