1	100	42.31000	42.31000	15233	0	3.24907	celf	1487723611282	10000
2	474	37.17000	79.48000	1	0	3.25395	celf	1487723611282	10000
3	124	32.46000	111.94000	8	0	3.31010	celf	1487723611282	10000
4	639	29.73000	141.67000	8	0	3.38320	celf	1487723611282	10000
5	239	31.22000	172.89000	4	0	3.42697	celf	1487723611282	10000
6	606	28.13000	201.02000	13	0	3.60092	celf	1487723611282	10000
7	196	24.98000	226.00000	21	0	3.92298	celf	1487723611282	10000
8	287	25.12000	251.12000	3	0	3.97742	celf	1487723611282	10000
9	99	22.53000	273.65000	25	0	4.47848	celf	1487723611282	10000
10	66	22.43000	296.08000	16	0	4.82523	celf	1487723611282	10000
11	128	21.78000	317.86000	10	0	5.05793	celf	1487723611282	10000
12	1162	21.97000	339.83000	1	0	5.08490	celf	1487723611282	10000
13	14	20.54000	360.37000	13	0	5.43087	celf	1487723611282	10000
14	563	19.47000	379.84000	27	0	6.18040	celf	1487723611282	10000
15	192	19.68000	399.52000	6	0	6.36235	celf	1487723611282	10000
16	221	18.88000	418.40000	14	0	6.78640	celf	1487723611282	10000
17	4824	18.29000	436.69000	19	0	7.38972	celf	1487723611282	10000
18	274	19.31000	456.00000	2	0	7.45702	celf	1487723611282	10000
19	634	17.49000	473.49000	24	0	8.28822	celf	1487723611282	10000
20	525	17.86000	491.35000	23	0	9.13767	celf	1487723611282	10000
21	37	17.66000	509.01000	4	0	9.28358	celf	1487723611282	10000
22	131	16.42000	525.43000	33	0	10.55373	celf	1487723611282	10000
23	412	16.60000	542.03000	8	0	10.88283	celf	1487723611282	10000
24	989	15.35000	557.38000	43	0	12.66210	celf	1487723611282	10000
25	236	15.87000	573.25000	14	0	13.25760	celf	1487723611282	10000
26	80	14.41000	587.66000	56	0	15.69195	celf	1487723611282	10000
27	307	14.55000	602.21000	7	0	16.00580	celf	1487723611282	10000
28	156	15.99000	618.20000	4	0	16.18662	celf	1487723611282	10000
29	210	14.85000	633.05000	1	0	16.23388	celf	1487723611282	10000
30	507	14.21000	647.26000	7	0	16.56045	celf	1487723611282	10000
31	562	14.73000	661.99000	10	0	17.03910	celf	1487723611282	10000
32	649	13.97000	675.96000	5	0	17.28858	celf	1487723611282	10000
33	105	13.99000	689.95000	13	0	17.93922	celf	1487723611282	10000
34	599	13.73000	703.68000	16	0	18.77015	celf	1487723611282	10000
35	111	15.28000	718.96000	7	0	19.13812	celf	1487723611282	10000
36	60	14.29000	733.25000	1	0	19.19002	celf	1487723611282	10000
37	1429	13.53000	746.78000	6	0	19.52643	celf	1487723611282	10000
38	8450	13.18000	759.96000	26	0	21.00332	celf	1487723611282	10000
39	266	13.66000	773.62000	10	0	21.59148	celf	1487723611282	10000
40	1449	13.31000	786.93000	1	0	21.64960	celf	1487723611282	10000
41	1987	15.15000	802.08000	20	0	22.84842	celf	1487723611282	10000
42	535	13.21000	815.29000	2	0	22.97148	celf	1487723611282	10000
43	6638	13.03000	828.32000	1	0	23.03435	celf	1487723611282	10000
44	41	14.25000	842.57000	16	0	24.03265	celf	1487723611282	10000
45	363	12.18000	854.75000	67	0	28.34462	celf	1487723611282	10000
46	2462	12.31000	867.06000	2	0	28.47135	celf	1487723611282	10000
47	4854	11.71000	878.77000	59	0	32.39348	celf	1487723611282	10000
48	1520	11.63000	890.40000	10	0	33.06458	celf	1487723611282	10000
49	3641	12.39000	902.79000	2	0	33.20562	celf	1487723611282	10000
50	1159	12.34000	915.13000	6	0	33.61470	celf	1487723611282	10000
51	1689	12.39000	927.52000	1	0	33.68385	celf	1487723611282	10000
52	682	12.16000	939.68000	11	0	34.45565	celf	1487723611282	10000
53	76	11.63000	951.31000	9	0	35.10395	celf	1487723611282	10000
54	885	12.83000	964.14000	3	0	35.32642	celf	1487723611282	10000
55	4266	11.66000	975.80000	21	0	36.86705	celf	1487723611282	10000
56	140	11.48000	987.28000	85	0	43.16610	celf	1487723611282	10000
57	6072	13.12000	1000.40000	2	0	43.31000	celf	1487723611282	10000
58	92	11.13000	1011.53000	11	0	44.14883	celf	1487723611282	10000
59	1156	12.92000	1024.45000	1	0	44.22560	celf	1487723611282	10000
60	2133	11.39000	1035.84000	3	0	44.46170	celf	1487723611282	10000
61	27	10.63000	1046.47000	7	0	45.01487	celf	1487723611282	10000
62	1370	11.23000	1057.70000	10	0	45.82083	celf	1487723611282	10000
63	1312	11.50000	1069.20000	14	0	46.95390	celf	1487723611282	10000
64	2603	10.50000	1079.70000	6	0	47.43560	celf	1487723611282	10000
65	1692	11.04000	1090.74000	4	0	47.76677	celf	1487723611282	10000
66	110	10.84000	1101.58000	12	0	48.77840	celf	1487723611282	10000
67	6836	10.69000	1112.27000	17	0	50.17107	celf	1487723611282	10000
68	839	10.16000	1122.43000	69	0	56.05702	celf	1487723611282	10000
69	1238	12.07000	1134.50000	14	0	57.25387	celf	1487723611282	10000
70	2796	10.86000	1145.36000	20	0	58.99717	celf	1487723611282	10000
71	2841	9.96000	1155.32000	11	0	59.95833	celf	1487723611282	10000
72	2626	10.33000	1165.65000	9	0	60.74258	celf	1487723611282	10000
73	5629	11.45000	1177.10000	1	0	60.83368	celf	1487723611282	10000
74	632	10.40000	1187.50000	9	0	61.65963	celf	1487723611282	10000
75	2247	10.04000	1197.54000	21	0	63.58875	celf	1487723611282	10000
76	5176	9.71000	1207.25000	29	0	66.23952	celf	1487723611282	10000
77	9908	9.55000	1216.80000	27	0	68.72550	celf	1487723611282	10000
78	559	10.97000	1227.77000	10	0	69.65497	celf	1487723611282	10000
79	23	9.58000	1237.35000	3	0	69.93030	celf	1487723611282	10000
80	9994	14.05000	1251.40000	4	0	70.30495	celf	1487723611282	10000
81	15	10.71000	1262.11000	4	0	70.68018	celf	1487723611282	10000
82	3210	9.42000	1271.53000	34	0	74.01000	celf	1487723611282	10000
83	1434	9.18000	1280.71000	26	0	76.60153	celf	1487723611282	10000
84	11079	8.94000	1289.65000	14	0	78.03140	celf	1487723611282	10000
85	326	9.42000	1299.07000	21	0	80.17220	celf	1487723611282	10000
86	709	9.16000	1308.23000	20	0	82.19170	celf	1487723611282	10000
87	2964	8.83000	1317.06000	2	0	82.39558	celf	1487723611282	10000
88	2033	8.95000	1326.01000	9	0	83.33673	celf	1487723611282	10000
89	512	10.57000	1336.58000	1	0	83.43508	celf	1487723611282	10000
90	255	12.24000	1348.82000	6	0	84.09305	celf	1487723611282	10000
91	5335	8.52000	1357.34000	68	0	91.36245	celf	1487723611282	10000
92	150	8.91000	1366.25000	56	0	97.25972	celf	1487723611282	10000
93	646	9.03000	1375.28000	1	0	97.36155	celf	1487723611282	10000
94	1320	9.34000	1384.62000	1	0	97.46788	celf	1487723611282	10000
95	590	8.41000	1393.03000	9	0	98.43248	celf	1487723611282	10000
96	122	11.67000	1404.70000	4	0	98.87108	celf	1487723611282	10000
97	741	8.92000	1413.62000	11	0	100.04468	celf	1487723611282	10000
98	2879	8.46000	1422.08000	52	0	105.69927	celf	1487723611282	10000
99	408	8.22000	1430.30000	3	0	106.02775	celf	1487723611282	10000
100	349	8.87000	1439.17000	6	0	106.70047	celf	1487723611282	10000
101	359	9.86000	1449.03000	7	0	107.47133	celf	1487723611282	10000
102	2389	11.87000	1460.90000	1	0	107.58035	celf	1487723611282	10000
103	3827	10.72000	1471.62000	1	0	107.69377	celf	1487723611282	10000
104	866	8.57000	1480.19000	4	0	108.15360	celf	1487723611282	10000
105	267	8.23000	1488.42000	5	0	108.73780	celf	1487723611282	10000
106	393	7.98000	1496.40000	5	0	109.30380	celf	1487723611282	10000
107	1	10.25000	1506.65000	3	0	109.64742	celf	1487723611282	10000
108	5607	9.38000	1516.03000	18	0	111.75905	celf	1487723611282	10000
109	4141	8.61000	1524.64000	13	0	113.26398	celf	1487723611282	10000
110	145	8.55000	1533.19000	22	0	115.85743	celf	1487723611282	10000
111	6271	9.28000	1542.47000	21	0	118.33217	celf	1487723611282	10000
112	695	10.10000	1552.57000	3	0	118.69587	celf	1487723611282	10000
113	9	7.80000	1560.37000	4	0	119.17632	celf	1487723611282	10000
114	3847	8.96000	1569.33000	36	0	123.55058	celf	1487723611282	10000
115	1635	9.19000	1578.52000	5	0	124.16007	celf	1487723611282	10000
116	5263	8.21000	1586.73000	21	0	126.76678	celf	1487723611282	10000
117	247	8.01000	1594.74000	27	0	130.05840	celf	1487723611282	10000
118	7397	7.69000	1602.43000	8	0	131.06712	celf	1487723611282	10000
119	3138	9.07000	1611.50000	8	0	132.06695	celf	1487723611282	10000
120	7185	8.51000	1620.01000	1	0	132.20022	celf	1487723611282	10000
121	3254	7.63000	1627.64000	7	0	133.08357	celf	1487723611282	10000
122	572	7.33000	1634.97000	63	0	141.08098	celf	1487723611282	10000
123	582	8.38000	1643.35000	2	0	141.34602	celf	1487723611282	10000
124	2067	7.87000	1651.22000	2	0	141.59293	celf	1487723611282	10000
125	1912	8.90000	1660.12000	4	0	142.10070	celf	1487723611282	10000
126	721	7.25000	1667.37000	13	0	143.82167	celf	1487723611282	10000
127	417	7.58000	1674.95000	10	0	145.11073	celf	1487723611282	10000
128	842	8.34000	1683.29000	3	0	145.49483	celf	1487723611282	10000
129	423	7.77000	1691.06000	16	0	147.63290	celf	1487723611282	10000
130	3684	7.22000	1698.28000	34	0	152.11988	celf	1487723611282	10000
131	1282	7.64000	1705.92000	8	0	153.18040	celf	1487723611282	10000
132	36	8.50000	1714.42000	6	0	153.98117	celf	1487723611282	10000
133	515	7.77000	1722.19000	3	0	154.38900	celf	1487723611282	10000
134	861	10.61000	1732.80000	5	0	155.09167	celf	1487723611282	10000
135	382	8.61000	1741.41000	13	0	156.86025	celf	1487723611282	10000
136	6583	7.03000	1748.44000	23	0	160.00578	celf	1487723611282	10000
137	3770	7.41000	1755.85000	7	0	160.97210	celf	1487723611282	10000
138	5712	7.47000	1763.32000	1	0	161.11457	celf	1487723611282	10000
139	10575	7.41000	1770.73000	7	0	162.08372	celf	1487723611282	10000
140	2697	7.42000	1778.15000	19	0	164.72658	celf	1487723611282	10000
141	7225	7.85000	1786.00000	1	0	164.86755	celf	1487723611282	10000
142	1327	8.53000	1794.53000	30	0	169.11607	celf	1487723611282	10000
143	6477	7.33000	1801.86000	37	0	174.37588	celf	1487723611282	10000
144	3947	6.89000	1808.75000	3	0	174.79663	celf	1487723611282	10000
145	1292	7.01000	1815.76000	2	0	175.08332	celf	1487723611282	10000
146	4181	8.23000	1823.99000	4	0	175.65057	celf	1487723611282	10000
147	3042	7.29000	1831.28000	7	0	176.64327	celf	1487723611282	10000
148	7724	6.84000	1838.12000	6	0	177.50415	celf	1487723611282	10000
149	1759	6.90000	1845.02000	18	0	180.09622	celf	1487723611282	10000
150	1810	7.72000	1852.74000	1	0	180.24958	celf	1487723611282	10000
151	3696	7.17000	1859.91000	10	0	181.72260	celf	1487723611282	10000
152	8461	7.69000	1867.60000	3	0	182.13997	celf	1487723611282	10000
153	42	7.42000	1875.02000	1	0	182.30477	celf	1487723611282	10000
154	2015	7.53000	1882.55000	9	0	183.66518	celf	1487723611282	10000
155	1078	7.52000	1890.07000	25	0	187.34860	celf	1487723611282	10000
156	6754	7.79000	1897.86000	3	0	187.79882	celf	1487723611282	10000
157	12	7.91000	1905.77000	6	0	188.71098	celf	1487723611282	10000
158	1599	7.41000	1913.18000	20	0	191.71358	celf	1487723611282	10000
159	51	6.81000	1919.99000	2	0	192.00823	celf	1487723611282	10000
160	5020	7.96000	1927.95000	2	0	192.31423	celf	1487723611282	10000
161	2800	7.05000	1935.00000	2	0	192.61553	celf	1487723611282	10000
162	249	8.48000	1943.48000	1	0	192.76040	celf	1487723611282	10000
163	4612	7.62000	1951.10000	4	0	193.37620	celf	1487723611282	10000
164	1617	8.13000	1959.23000	29	0	197.86782	celf	1487723611282	10000
165	1506	8.38000	1967.61000	2	0	198.19497	celf	1487723611282	10000
166	7070	6.57000	1974.18000	4	0	198.81922	celf	1487723611282	10000
167	9634	8.26000	1982.44000	1	0	198.97855	celf	1487723611282	10000
168	7417	8.21000	1990.65000	27	0	203.13125	celf	1487723611282	10000
169	1188	7.09000	1997.74000	49	0	210.82820	celf	1487723611282	10000
170	517	6.49000	2004.23000	1	0	210.98252	celf	1487723611282	10000
171	3344	9.39000	2013.62000	1	0	211.13745	celf	1487723611282	10000
172	793	6.61000	2020.23000	3	0	211.60355	celf	1487723611282	10000
173	10122	6.52000	2026.75000	5	0	212.39352	celf	1487723611282	10000
174	3095	7.44000	2034.19000	1	0	212.54853	celf	1487723611282	10000
175	6057	6.33000	2040.52000	42	0	219.27943	celf	1487723611282	10000
176	3736	8.22000	2048.74000	7	0	220.38763	celf	1487723611282	10000
177	4380	6.87000	2055.61000	36	0	226.19030	celf	1487723611282	10000
178	4377	6.82000	2062.43000	18	0	229.09180	celf	1487723611282	10000
179	1784	6.13000	2068.56000	171	0	256.77690	celf	1487723611282	10000
180	6573	7.01000	2075.57000	7	0	257.93420	celf	1487723611282	10000
181	8330	7.27000	2082.84000	2	0	258.27313	celf	1487723611282	10000
182	3978	6.45000	2089.29000	49	0	266.41647	celf	1487723611282	10000
183	6873	5.95000	2095.24000	8	0	267.73183	celf	1487723611282	10000
184	3130	7.58000	2102.82000	1	0	267.89632	celf	1487723611282	10000
185	5936	6.17000	2108.99000	7	0	269.06263	celf	1487723611282	10000
186	3128	6.37000	2115.36000	2	0	269.39810	celf	1487723611282	10000
187	700	6.10000	2121.46000	4	0	270.04555	celf	1487723611282	10000
188	5731	5.94000	2127.40000	5	0	270.86643	celf	1487723611282	10000
189	6879	5.94000	2133.34000	1	0	271.02387	celf	1487723611282	10000
190	3354	7.40000	2140.74000	18	0	274.02267	celf	1487723611282	10000
191	2061	6.30000	2147.04000	2	0	274.35953	celf	1487723611282	10000
192	3566	7.18000	2154.22000	6	0	275.39240	celf	1487723611282	10000
193	6174	6.01000	2160.23000	6	0	276.38743	celf	1487723611282	10000
194	2748	7.92000	2168.15000	3	0	276.89247	celf	1487723611282	10000
195	1010	7.23000	2175.38000	1	0	277.05702	celf	1487723611282	10000
196	688	6.33000	2181.71000	39	0	283.17553	celf	1487723611282	10000
197	1103	6.61000	2188.32000	1	0	283.31452	celf	1487723611282	10000
198	3644	7.16000	2195.48000	6	0	284.16447	celf	1487723611282	10000
199	736	6.50000	2201.98000	132	0	301.60833	celf	1487723611282	10000
200	2331	6.30000	2208.28000	1	0	301.72850	celf	1487723611282	10000
