1	100	42.29000	42.29000	15233	0	3.38153	celf	1487655592522	10000
2	474	37.88000	80.17000	1	0	3.38698	celf	1487655592522	10000
3	124	31.86000	112.03000	10	0	3.46740	celf	1487655592522	10000
4	639	30.90000	142.93000	4	0	3.50882	celf	1487655592522	10000
5	239	28.94000	171.87000	7	0	3.59262	celf	1487655592522	10000
6	606	28.72000	200.59000	5	0	3.65902	celf	1487655592522	10000
7	196	25.40000	225.99000	19	0	3.97280	celf	1487655592522	10000
8	66	25.23000	251.22000	4	0	4.04777	celf	1487655592522	10000
9	287	23.72000	274.94000	18	0	4.41293	celf	1487655592522	10000
10	99	22.02000	296.96000	25	0	4.94815	celf	1487655592522	10000
11	128	21.28000	318.24000	6	0	5.09350	celf	1487655592522	10000
12	14	20.72000	338.96000	9	0	5.32360	celf	1487655592522	10000
13	599	20.50000	359.46000	26	0	6.01385	celf	1487655592522	10000
14	192	19.32000	378.78000	19	0	6.56547	celf	1487655592522	10000
15	563	19.00000	397.78000	7	0	6.77843	celf	1487655592522	10000
16	4824	19.89000	417.67000	9	0	7.05692	celf	1487655592522	10000
17	274	19.74000	437.41000	23	0	7.79838	celf	1487655592522	10000
18	210	18.42000	455.83000	8	0	8.06552	celf	1487655592522	10000
19	525	16.46000	472.29000	56	0	10.01640	celf	1487655592522	10000
20	535	17.27000	489.56000	6	0	10.23212	celf	1487655592522	10000
21	634	16.24000	505.80000	14	0	10.75187	celf	1487655592522	10000
22	266	17.42000	523.22000	12	0	11.23488	celf	1487655592522	10000
23	37	16.08000	539.30000	2	0	11.31448	celf	1487655592522	10000
24	328	16.17000	555.47000	2	0	11.39792	celf	1487655592522	10000
25	1162	16.35000	571.82000	25	0	12.47033	celf	1487655592522	10000
26	221	16.35000	588.17000	6	0	12.73368	celf	1487655592522	10000
27	6072	14.70000	602.87000	30	0	14.10502	celf	1487655592522	10000
28	307	15.76000	618.63000	1	0	14.14975	celf	1487655592522	10000
29	682	16.25000	634.88000	15	0	14.84882	celf	1487655592522	10000
30	989	15.43000	650.31000	5	0	15.08737	celf	1487655592522	10000
31	705	14.15000	664.46000	26	0	16.37517	celf	1487655592522	10000
32	111	13.81000	678.27000	23	0	17.55092	celf	1487655592522	10000
33	363	14.03000	692.30000	2	0	17.65473	celf	1487655592522	10000
34	236	13.88000	706.18000	10	0	18.20728	celf	1487655592522	10000
35	1987	15.35000	721.53000	9	0	18.70232	celf	1487655592522	10000
36	15	13.31000	734.84000	26	0	20.12558	celf	1487655592522	10000
37	507	13.52000	748.36000	20	0	21.27742	celf	1487655592522	10000
38	60	13.36000	761.72000	3	0	21.44323	celf	1487655592522	10000
39	632	13.76000	775.48000	5	0	21.74492	celf	1487655592522	10000
40	562	12.41000	787.89000	70	0	25.85952	celf	1487655592522	10000
41	1429	14.97000	802.86000	31	0	27.70100	celf	1487655592522	10000
42	1292	12.88000	815.74000	17	0	28.73718	celf	1487655592522	10000
43	866	12.54000	828.28000	1	0	28.79988	celf	1487655592522	10000
44	9994	12.35000	840.63000	3	0	28.98307	celf	1487655592522	10000
45	326	12.03000	852.66000	2	0	29.11208	celf	1487655592522	10000
46	5629	13.39000	866.05000	9	0	29.72227	celf	1487655592522	10000
47	1044	12.20000	878.25000	3	0	29.92260	celf	1487655592522	10000
48	1520	12.78000	891.03000	2	0	30.05605	celf	1487655592522	10000
49	1238	12.73000	903.76000	1	0	30.12387	celf	1487655592522	10000
50	1312	11.69000	915.45000	81	0	35.75558	celf	1487655592522	10000
51	1827	11.57000	927.02000	1	0	35.82493	celf	1487655592522	10000
52	3641	13.03000	940.05000	4	0	36.11230	celf	1487655592522	10000
53	412	11.91000	951.96000	64	0	40.70398	celf	1487655592522	10000
54	150	10.93000	962.89000	11	0	41.50028	celf	1487655592522	10000
55	92	10.83000	973.72000	4	0	41.79512	celf	1487655592522	10000
56	2796	14.82000	988.54000	10	0	42.54043	celf	1487655592522	10000
57	6638	12.60000	1001.14000	1	0	42.61650	celf	1487655592522	10000
58	122	11.65000	1012.79000	12	0	43.52525	celf	1487655592522	10000
59	41	10.47000	1023.26000	18	0	44.89360	celf	1487655592522	10000
60	1890	11.79000	1035.05000	1	0	44.97402	celf	1487655592522	10000
61	105	10.17000	1045.22000	70	0	50.47860	celf	1487655592522	10000
62	359	11.87000	1057.09000	12	0	51.43943	celf	1487655592522	10000
63	156	10.10000	1067.19000	10	0	52.25985	celf	1487655592522	10000
64	1370	9.91000	1077.10000	14	0	53.38130	celf	1487655592522	10000
65	255	12.47000	1089.57000	7	0	53.95813	celf	1487655592522	10000
66	4266	10.62000	1100.19000	8	0	54.61585	celf	1487655592522	10000
67	2462	11.83000	1112.02000	8	0	55.27648	celf	1487655592522	10000
68	140	10.45000	1122.47000	6	0	55.78405	celf	1487655592522	10000
69	3138	11.94000	1134.41000	1	0	55.86962	celf	1487655592522	10000
70	1434	10.06000	1144.47000	8	0	56.56038	celf	1487655592522	10000
71	9908	10.75000	1155.22000	18	0	58.10505	celf	1487655592522	10000
72	559	10.06000	1165.28000	8	0	58.79652	celf	1487655592522	10000
73	36	10.92000	1176.20000	8	0	59.50945	celf	1487655592522	10000
74	2879	10.13000	1186.33000	4	0	59.86898	celf	1487655592522	10000
75	839	10.63000	1196.96000	10	0	60.78558	celf	1487655592522	10000
76	80	11.48000	1208.44000	15	0	62.14585	celf	1487655592522	10000
77	3210	9.75000	1218.19000	8	0	62.87252	celf	1487655592522	10000
78	6675	11.57000	1229.76000	1	0	62.96740	celf	1487655592522	10000
79	1635	10.35000	1240.11000	17	0	64.55998	celf	1487655592522	10000
80	3827	11.71000	1251.82000	1	0	64.64960	celf	1487655592522	10000
81	2800	9.37000	1261.19000	3	0	64.93618	celf	1487655592522	10000
82	2389	10.20000	1271.39000	2	0	65.13008	celf	1487655592522	10000
83	2133	10.46000	1281.85000	21	0	67.12538	celf	1487655592522	10000
84	4181	11.28000	1293.13000	5	0	67.61753	celf	1487655592522	10000
85	793	9.04000	1302.17000	110	0	78.39250	celf	1487655592522	10000
86	6271	9.25000	1311.42000	18	0	80.19423	celf	1487655592522	10000
87	401	8.82000	1320.24000	20	0	82.20430	celf	1487655592522	10000
88	5020	8.65000	1328.89000	56	0	87.92000	celf	1487655592522	10000
89	646	8.30000	1337.19000	42	0	92.24212	celf	1487655592522	10000
90	661	8.95000	1346.14000	17	0	93.96912	celf	1487655592522	10000
91	885	9.00000	1355.14000	31	0	97.14795	celf	1487655592522	10000
92	4609	8.76000	1363.90000	6	0	97.76088	celf	1487655592522	10000
93	515	8.89000	1372.79000	17	0	99.52087	celf	1487655592522	10000
94	635	8.21000	1381.00000	2	0	99.72618	celf	1487655592522	10000
95	2033	10.12000	1391.12000	2	0	99.94967	celf	1487655592522	10000
96	1449	8.14000	1399.26000	6	0	100.59282	celf	1487655592522	10000
97	7237	8.01000	1407.27000	14	0	102.08655	celf	1487655592522	10000
98	649	9.02000	1416.29000	52	0	107.67760	celf	1487655592522	10000
99	1320	9.38000	1425.67000	19	0	109.73773	celf	1487655592522	10000
100	393	8.39000	1434.06000	22	0	112.09075	celf	1487655592522	10000
101	27	7.98000	1442.04000	10	0	113.18910	celf	1487655592522	10000
102	3847	9.81000	1451.85000	4	0	113.63003	celf	1487655592522	10000
103	8450	7.90000	1459.75000	1	0	113.73637	celf	1487655592522	10000
104	151	9.83000	1469.58000	8	0	114.61707	celf	1487655592522	10000
105	6057	7.66000	1477.24000	16	0	116.43265	celf	1487655592522	10000
106	1537	7.84000	1485.08000	3	0	116.76968	celf	1487655592522	10000
107	2804	8.70000	1493.78000	3	0	117.10365	celf	1487655592522	10000
108	517	8.11000	1501.89000	1	0	117.21838	celf	1487655592522	10000
109	5607	8.69000	1510.58000	9	0	118.24462	celf	1487655592522	10000
110	571	9.02000	1519.60000	1	0	118.35852	celf	1487655592522	10000
111	1759	9.38000	1528.98000	1	0	118.47453	celf	1487655592522	10000
112	7145	7.68000	1536.66000	15	0	120.21032	celf	1487655592522	10000
113	2626	9.01000	1545.67000	5	0	120.77937	celf	1487655592522	10000
114	51	8.78000	1554.45000	2	0	121.02220	celf	1487655592522	10000
115	3770	7.91000	1562.36000	2	0	121.26380	celf	1487655592522	10000
116	5000	7.68000	1570.04000	1	0	121.38662	celf	1487655592522	10000
117	2603	8.20000	1578.24000	12	0	122.83043	celf	1487655592522	10000
118	3462	8.84000	1587.08000	12	0	124.28492	celf	1487655592522	10000
119	2017	7.62000	1594.70000	3	0	124.64548	celf	1487655592522	10000
120	6836	9.85000	1604.55000	6	0	125.36557	celf	1487655592522	10000
121	247	8.56000	1613.11000	13	0	126.98263	celf	1487655592522	10000
122	5335	7.82000	1620.93000	5	0	127.59397	celf	1487655592522	10000
123	159	8.15000	1629.08000	17	0	129.69938	celf	1487655592522	10000
124	512	9.16000	1638.24000	13	0	131.30382	celf	1487655592522	10000
125	1156	8.33000	1646.57000	1	0	131.42255	celf	1487655592522	10000
126	1	9.13000	1655.70000	8	0	132.46067	celf	1487655592522	10000
127	950	8.22000	1663.92000	1	0	132.58438	celf	1487655592522	10000
128	349	8.13000	1672.05000	9	0	133.73137	celf	1487655592522	10000
129	1282	8.52000	1680.57000	2	0	133.98062	celf	1487655592522	10000
130	1765	7.60000	1688.17000	1	0	134.11255	celf	1487655592522	10000
131	1188	8.03000	1696.20000	5	0	134.74745	celf	1487655592522	10000
132	1690	7.53000	1703.73000	1	0	134.87838	celf	1487655592522	10000
133	7417	8.41000	1712.14000	11	0	136.34978	celf	1487655592522	10000
134	985	9.03000	1721.17000	5	0	136.99600	celf	1487655592522	10000
135	657	7.28000	1728.45000	45	0	142.90668	celf	1487655592522	10000
136	2283	7.63000	1736.08000	5	0	143.57135	celf	1487655592522	10000
137	3320	7.09000	1743.17000	1	0	143.70595	celf	1487655592522	10000
138	396	7.62000	1750.79000	7	0	144.66690	celf	1487655592522	10000
139	2067	7.41000	1758.20000	5	0	145.33773	celf	1487655592522	10000
140	1060	7.68000	1765.88000	1	0	145.47112	celf	1487655592522	10000
141	1327	8.35000	1774.23000	27	0	149.06870	celf	1487655592522	10000
142	10575	7.24000	1781.47000	5	0	149.74185	celf	1487655592522	10000
143	3354	7.19000	1788.66000	11	0	151.24515	celf	1487655592522	10000
144	10155	7.72000	1796.38000	3	0	151.66302	celf	1487655592522	10000
145	1599	8.70000	1805.08000	47	0	158.15960	celf	1487655592522	10000
146	5550	7.29000	1812.37000	13	0	159.96197	celf	1487655592522	10000
147	586	7.67000	1820.04000	6	0	160.81343	celf	1487655592522	10000
148	1570	7.62000	1827.66000	1	0	160.94817	celf	1487655592522	10000
149	1153	7.49000	1835.15000	3	0	161.36435	celf	1487655592522	10000
150	2247	6.95000	1842.10000	10	0	162.77327	celf	1487655592522	10000
151	736	8.25000	1850.35000	41	0	168.56730	celf	1487655592522	10000
152	1413	7.29000	1857.64000	9	0	169.84070	celf	1487655592522	10000
153	3128	7.44000	1865.08000	20	0	172.69812	celf	1487655592522	10000
154	11079	10.04000	1875.12000	5	0	173.41068	celf	1487655592522	10000
155	1423	6.78000	1881.90000	12	0	175.15087	celf	1487655592522	10000
156	6252	6.64000	1888.54000	29	0	179.35182	celf	1487655592522	10000
157	592	6.86000	1895.40000	4	0	179.93187	celf	1487655592522	10000
158	5176	8.66000	1904.06000	5	0	180.64395	celf	1487655592522	10000
159	1637	6.65000	1910.71000	2	0	180.93858	celf	1487655592522	10000
160	1784	7.91000	1918.62000	37	0	186.35983	celf	1487655592522	10000
161	1869	7.10000	1925.72000	6	0	187.24423	celf	1487655592522	10000
162	3247	6.70000	1932.42000	1	0	187.39460	celf	1487655592522	10000
163	1115	6.62000	1939.04000	14	0	189.47177	celf	1487655592522	10000
164	858	7.09000	1946.13000	34	0	194.54103	celf	1487655592522	10000
165	861	7.46000	1953.59000	1	0	194.70172	celf	1487655592522	10000
166	6754	6.98000	1960.57000	11	0	196.35378	celf	1487655592522	10000
167	436	6.94000	1967.51000	1	0	196.50593	celf	1487655592522	10000
168	1755	8.04000	1975.55000	1	0	196.64977	celf	1487655592522	10000
169	695	8.41000	1983.96000	7	0	197.71783	celf	1487655592522	10000
170	1171	6.82000	1990.78000	10	0	199.23478	celf	1487655592522	10000
171	2331	7.25000	1998.03000	17	0	201.88273	celf	1487655592522	10000
172	6693	8.51000	2006.54000	21	0	205.14297	celf	1487655592522	10000
173	2834	6.78000	2013.32000	4	0	205.75973	celf	1487655592522	10000
174	3696	7.95000	2021.27000	53	0	213.98808	celf	1487655592522	10000
175	3344	6.38000	2027.65000	110	0	231.14458	celf	1487655592522	10000
176	4649	6.35000	2034.00000	1	0	231.30700	celf	1487655592522	10000
177	1478	7.23000	2041.23000	2	0	231.61990	celf	1487655592522	10000
178	3266	6.63000	2047.86000	9	0	233.02495	celf	1487655592522	10000
179	2774	6.14000	2054.00000	20	0	236.20433	celf	1487655592522	10000
180	2841	7.53000	2061.53000	1	0	236.37255	celf	1487655592522	10000
181	1159	6.61000	2068.14000	9	0	237.80233	celf	1487655592522	10000
182	1943	6.94000	2075.08000	1	0	237.96688	celf	1487655592522	10000
183	2817	6.54000	2081.62000	16	0	240.55818	celf	1487655592522	10000
184	3684	6.71000	2088.33000	18	0	243.44222	celf	1487655592522	10000
185	6040	6.51000	2094.84000	2	0	243.75868	celf	1487655592522	10000
186	613	6.81000	2101.65000	8	0	245.04943	celf	1487655592522	10000
187	3978	6.67000	2108.32000	7	0	246.18995	celf	1487655592522	10000
188	6002	6.19000	2114.51000	4	0	246.83925	celf	1487655592522	10000
189	1103	6.33000	2120.84000	2	0	247.16287	celf	1487655592522	10000
190	7267	6.33000	2127.17000	1	0	247.32305	celf	1487655592522	10000
191	8238	7.71000	2134.88000	7	0	248.45595	celf	1487655592522	10000
192	2624	6.39000	2141.27000	10	0	250.05588	celf	1487655592522	10000
193	3566	6.43000	2147.70000	68	0	260.89345	celf	1487655592522	10000
194	1010	6.15000	2153.85000	17	0	263.50818	celf	1487655592522	10000
195	688	8.53000	2162.38000	7	0	264.57037	celf	1487655592522	10000
196	4878	6.08000	2168.46000	28	0	268.36338	celf	1487655592522	10000
197	417	6.30000	2174.76000	35	0	272.72638	celf	1487655592522	10000
198	2519	6.49000	2181.25000	24	0	275.68537	celf	1487655592522	10000
199	7252	6.46000	2187.71000	7	0	276.50938	celf	1487655592522	10000
200	367	7.23000	2194.94000	17	0	278.39258	celf	1487655592522	10000
