1	100	41.65000	41.65000	15233	0	3.44353	celfplus	1488185956693	10000
2	474	38.98000	80.63000	1	0	3.45030	celfplus	1488185956693	10000
3	124	31.43000	112.06000	11	0	3.56243	celfplus	1488185956693	10000
4	239	31.55000	143.61000	4	0	3.60735	celfplus	1488185956693	10000
5	639	28.52000	172.13000	6	3	3.68717	celfplus	1488185956693	10000
6	606	27.95000	200.08000	4	1	3.74938	celfplus	1488185956693	10000
7	287	25.58000	225.66000	14	2	3.99978	celfplus	1488185956693	10000
8	196	25.57000	251.23000	3	0	4.05420	celfplus	1488185956693	10000
9	66	23.62000	274.85000	24	6	4.56565	celfplus	1488185956693	10000
10	99	21.93000	296.78000	20	6	5.02683	celfplus	1488185956693	10000
11	128	21.57000	318.35000	2	1	5.07487	celfplus	1488185956693	10000
12	1162	20.63000	338.98000	16	2	5.49603	celfplus	1488185956693	10000
13	14	21.34000	360.32000	6	0	5.66145	celfplus	1488185956693	10000
14	192	18.79000	379.11000	45	14	6.98093	celfplus	1488185956693	10000
15	4824	19.53000	398.64000	2	0	7.04005	celfplus	1488185956693	10000
16	535	18.61000	417.25000	3	1	7.14048	celfplus	1488185956693	10000
17	457	18.19000	435.44000	14	5	7.59227	celfplus	1488185956693	10000
18	525	17.92000	453.36000	10	0	7.93763	celfplus	1488185956693	10000
19	37	17.30000	470.66000	18	5	8.58932	celfplus	1488185956693	10000
20	210	18.09000	488.75000	21	4	9.36090	celfplus	1488185956693	10000
21	363	16.01000	504.76000	46	10	11.13727	celfplus	1488185956693	10000
22	266	16.05000	520.81000	3	0	11.25538	celfplus	1488185956693	10000
23	236	16.81000	537.62000	4	1	11.42010	celfplus	1488185956693	10000
24	563	16.42000	554.04000	5	1	11.62473	celfplus	1488185956693	10000
25	221	15.55000	569.59000	5	1	11.83987	celfplus	1488185956693	10000
26	80	15.91000	585.50000	1	0	11.87883	celfplus	1488185956693	10000
27	599	15.61000	601.11000	4	3	12.05712	celfplus	1488185956693	10000
28	60	15.04000	616.15000	20	5	12.98157	celfplus	1488185956693	10000
29	1292	15.34000	631.49000	1	1	13.02768	celfplus	1488185956693	10000
30	562	14.74000	646.23000	16	6	13.82420	celfplus	1488185956693	10000
31	5629	15.41000	661.64000	6	0	14.12622	celfplus	1488185956693	10000
32	6072	14.31000	675.95000	29	8	15.57502	celfplus	1488185956693	10000
33	989	16.19000	692.14000	11	0	16.15658	celfplus	1488185956693	10000
34	507	14.10000	706.24000	7	7	16.52758	celfplus	1488185956693	10000
35	634	14.48000	720.72000	9	2	17.00415	celfplus	1488185956693	10000
36	307	16.32000	737.04000	4	0	17.22427	celfplus	1488185956693	10000
37	1429	13.27000	750.31000	46	6	19.80550	celfplus	1488185956693	10000
38	274	13.36000	763.67000	9	0	20.31297	celfplus	1488185956693	10000
39	682	15.86000	779.53000	23	7	21.65637	celfplus	1488185956693	10000
40	131	13.98000	793.51000	19	0	22.81770	celfplus	1488185956693	10000
41	1520	12.72000	806.23000	12	2	23.54612	celfplus	1488185956693	10000
42	1987	13.30000	819.53000	5	0	23.86517	celfplus	1488185956693	10000
43	1692	12.73000	832.26000	4	1	24.11535	celfplus	1488185956693	10000
44	326	12.73000	844.99000	15	1	25.10053	celfplus	1488185956693	10000
45	1159	12.59000	857.58000	21	2	26.47565	celfplus	1488185956693	10000
46	3210	12.35000	869.93000	8	0	27.00752	celfplus	1488185956693	10000
47	1156	11.78000	881.71000	54	7	30.62795	celfplus	1488185956693	10000
48	15	11.92000	893.63000	13	3	31.49437	celfplus	1488185956693	10000
49	412	11.55000	905.18000	21	4	32.94035	celfplus	1488185956693	10000
50	839	13.04000	918.22000	1	1	33.00805	celfplus	1488185956693	10000
51	2462	11.91000	930.13000	21	3	34.48538	celfplus	1488185956693	10000
52	156	11.78000	941.91000	2	0	34.63118	celfplus	1488185956693	10000
53	92	12.69000	954.60000	3	0	34.84945	celfplus	1488185956693	10000
54	41	12.20000	966.80000	26	3	36.71130	celfplus	1488185956693	10000
55	316	11.57000	978.37000	1	0	36.77962	celfplus	1488185956693	10000
56	6638	12.22000	990.59000	15	1	37.90325	celfplus	1488185956693	10000
57	140	12.76000	1003.35000	16	2	39.11305	celfplus	1488185956693	10000
58	4854	11.16000	1014.51000	12	2	40.05027	celfplus	1488185956693	10000
59	6271	10.91000	1025.42000	6	1	40.51667	celfplus	1488185956693	10000
60	9994	13.17000	1038.59000	16	1	41.77603	celfplus	1488185956693	10000
61	2153	10.54000	1049.13000	43	10	45.25453	celfplus	1488185956693	10000
62	359	11.42000	1060.55000	34	5	48.02302	celfplus	1488185956693	10000
63	1312	10.93000	1071.48000	2	0	48.18258	celfplus	1488185956693	10000
64	3847	10.82000	1082.30000	3	0	48.42482	celfplus	1488185956693	10000
65	1370	12.29000	1094.59000	6	0	48.92743	celfplus	1488185956693	10000
66	2796	11.83000	1106.42000	23	2	50.88477	celfplus	1488185956693	10000
67	3770	11.58000	1118.00000	1	0	50.98037	celfplus	1488185956693	10000
68	646	9.92000	1127.92000	55	3	55.72578	celfplus	1488185956693	10000
69	695	9.82000	1137.74000	28	2	58.19905	celfplus	1488185956693	10000
70	150	10.36000	1148.10000	27	4	60.56717	celfplus	1488185956693	10000
71	122	10.86000	1158.96000	1	0	60.64837	celfplus	1488185956693	10000
72	2964	9.74000	1168.70000	6	0	61.19258	celfplus	1488185956693	10000
73	382	9.78000	1178.48000	11	3	62.19277	celfplus	1488185956693	10000
74	632	10.89000	1189.37000	9	1	63.02337	celfplus	1488185956693	10000
75	1690	9.50000	1198.87000	2	1	63.21512	celfplus	1488185956693	10000
76	2879	9.52000	1208.39000	4	0	63.57948	celfplus	1488185956693	10000
77	586	9.60000	1217.99000	28	1	66.21072	celfplus	1488185956693	10000
78	866	10.69000	1228.68000	1	0	66.30382	celfplus	1488185956693	10000
79	255	9.76000	1238.44000	34	1	69.51892	celfplus	1488185956693	10000
80	741	10.67000	1249.11000	3	0	69.81217	celfplus	1488185956693	10000
81	1635	9.63000	1258.74000	12	2	70.95182	celfplus	1488185956693	10000
82	110	11.09000	1269.83000	5	0	71.43318	celfplus	1488185956693	10000
83	9908	10.27000	1280.10000	16	1	72.98395	celfplus	1488185956693	10000
84	11079	11.16000	1291.26000	50	5	77.91605	celfplus	1488185956693	10000
85	1434	8.32000	1299.58000	176	14	95.78633	celfplus	1488185956693	10000
86	3138	9.78000	1309.36000	6	0	96.38750	celfplus	1488185956693	10000
87	6583	9.63000	1318.99000	15	0	97.88585	celfplus	1488185956693	10000
88	2841	9.44000	1328.43000	53	5	103.28155	celfplus	1488185956693	10000
89	2603	8.89000	1337.32000	31	0	106.47843	celfplus	1488185956693	10000
90	512	8.14000	1345.46000	63	2	113.05093	celfplus	1488185956693	10000
91	9	7.87000	1353.33000	3	0	113.36460	celfplus	1488185956693	10000
92	5607	10.50000	1363.83000	19	1	115.36108	celfplus	1488185956693	10000
93	6836	9.75000	1373.58000	1	0	115.46855	celfplus	1488185956693	10000
94	1282	9.80000	1383.38000	19	2	117.48097	celfplus	1488185956693	10000
95	3344	8.13000	1391.51000	6	0	118.12403	celfplus	1488185956693	10000
96	2389	11.13000	1402.64000	2	0	118.33753	celfplus	1488185956693	10000
97	2086	8.48000	1411.12000	6	1	118.99150	celfplus	1488185956693	10000
98	1320	9.79000	1420.91000	14	1	120.53262	celfplus	1488185956693	10000
99	5263	7.91000	1428.82000	21	1	122.81543	celfplus	1488185956693	10000
100	4266	9.74000	1438.56000	42	3	127.47908	celfplus	1488185956693	10000
101	571	8.07000	1446.63000	22	1	129.90622	celfplus	1488185956693	10000
102	4181	7.74000	1454.37000	5	1	130.46902	celfplus	1488185956693	10000
103	1256	8.44000	1462.81000	3	0	130.80233	celfplus	1488185956693	10000
104	3683	7.79000	1470.60000	4	1	131.25863	celfplus	1488185956693	10000
105	861	8.19000	1478.79000	9	2	132.26867	celfplus	1488185956693	10000
106	63	8.76000	1487.55000	2	0	132.49383	celfplus	1488185956693	10000
107	1	8.02000	1495.57000	6	0	133.17742	celfplus	1488185956693	10000
108	688	10.78000	1506.35000	9	0	134.21725	celfplus	1488185956693	10000
109	2067	7.51000	1513.86000	20	1	136.52428	celfplus	1488185956693	10000
110	721	8.53000	1522.39000	17	1	138.53643	celfplus	1488185956693	10000
111	1327	9.12000	1531.51000	2	0	138.77167	celfplus	1488185956693	10000
112	2247	7.48000	1538.99000	2	0	138.99913	celfplus	1488185956693	10000
113	2519	9.44000	1548.43000	1	0	139.11780	celfplus	1488185956693	10000
114	2626	7.64000	1556.07000	52	4	145.35157	celfplus	1488185956693	10000
115	105	9.47000	1565.54000	6	1	146.05760	celfplus	1488185956693	10000
116	349	8.36000	1573.90000	12	0	147.51717	celfplus	1488185956693	10000
117	4649	7.46000	1581.36000	5	0	148.12875	celfplus	1488185956693	10000
118	7185	7.20000	1588.56000	10	1	149.33427	celfplus	1488185956693	10000
119	12119	7.15000	1595.71000	1	0	149.45723	celfplus	1488185956693	10000
120	1784	7.62000	1603.33000	18	1	151.64460	celfplus	1488185956693	10000
121	1731	7.83000	1611.16000	4	0	152.14500	celfplus	1488185956693	10000
122	515	8.17000	1619.33000	14	1	153.89222	celfplus	1488185956693	10000
123	4518	7.59000	1626.92000	5	0	154.52542	celfplus	1488185956693	10000
124	417	7.74000	1634.66000	9	1	155.65443	celfplus	1488185956693	10000
125	6165	7.93000	1642.59000	7	0	156.55222	celfplus	1488185956693	10000
126	9679	7.90000	1650.49000	1	0	156.67833	celfplus	1488185956693	10000
127	27	6.89000	1657.38000	29	4	160.37505	celfplus	1488185956693	10000
128	36	8.13000	1665.51000	6	1	161.14342	celfplus	1488185956693	10000
129	247	10.59000	1676.10000	1	1	161.27907	celfplus	1488185956693	10000
130	885	7.53000	1683.63000	7	2	162.19075	celfplus	1488185956693	10000
131	2033	9.32000	1692.95000	1	0	162.32198	celfplus	1488185956693	10000
132	8330	8.37000	1701.32000	1	0	162.45005	celfplus	1488185956693	10000
133	3641	8.88000	1710.20000	14	3	164.30995	celfplus	1488185956693	10000
134	2541	7.36000	1717.56000	9	2	165.51077	celfplus	1488185956693	10000
135	111	7.43000	1724.99000	12	0	167.09642	celfplus	1488185956693	10000
136	1810	7.04000	1732.03000	12	1	168.69970	celfplus	1488185956693	10000
137	8461	6.86000	1738.89000	2	0	168.96857	celfplus	1488185956693	10000
138	5176	9.37000	1748.26000	4	2	169.51423	celfplus	1488185956693	10000
139	2283	7.36000	1755.62000	6	0	170.30532	celfplus	1488185956693	10000
140	814	6.69000	1762.31000	6	2	171.11902	celfplus	1488185956693	10000
141	442	7.25000	1769.56000	8	0	172.22955	celfplus	1488185956693	10000
142	2997	6.88000	1776.44000	53	5	179.58225	celfplus	1488185956693	10000
143	1637	6.56000	1783.00000	6	0	180.40685	celfplus	1488185956693	10000
144	3462	7.14000	1790.14000	34	5	185.16920	celfplus	1488185956693	10000
145	393	8.65000	1798.79000	4	0	185.71578	celfplus	1488185956693	10000
146	1240	7.37000	1806.16000	7	1	186.70328	celfplus	1488185956693	10000
147	71	6.78000	1812.94000	9	2	187.96887	celfplus	1488185956693	10000
148	1759	6.50000	1819.44000	7	1	188.96450	celfplus	1488185956693	10000
149	6693	7.86000	1827.30000	3	0	189.39597	celfplus	1488185956693	10000
150	1516	8.48000	1835.78000	7	0	190.37755	celfplus	1488185956693	10000
151	2506	7.61000	1843.39000	14	2	192.34505	celfplus	1488185956693	10000
152	408	6.42000	1849.81000	23	2	195.63000	celfplus	1488185956693	10000
153	10122	7.72000	1857.53000	7	1	196.63038	celfplus	1488185956693	10000
154	2331	8.27000	1865.80000	6	1	197.51867	celfplus	1488185956693	10000
155	145	7.18000	1872.98000	1	0	197.66270	celfplus	1488185956693	10000
156	1620	8.51000	1881.49000	2	1	197.94903	celfplus	1488185956693	10000
157	4609	8.29000	1889.78000	19	3	200.75328	celfplus	1488185956693	10000
158	559	7.33000	1897.11000	50	4	208.10447	celfplus	1488185956693	10000
159	828	6.39000	1903.50000	1	0	208.25810	celfplus	1488185956693	10000
160	911	6.92000	1910.42000	12	2	210.02152	celfplus	1488185956693	10000
161	7267	6.39000	1916.81000	54	5	218.02765	celfplus	1488185956693	10000
162	249	6.92000	1923.73000	8	0	219.20333	celfplus	1488185956693	10000
163	3684	8.85000	1932.58000	1	0	219.35035	celfplus	1488185956693	10000
164	4800	6.63000	1939.21000	6	0	220.23178	celfplus	1488185956693	10000
165	4222	6.40000	1945.61000	25	2	223.97348	celfplus	1488185956693	10000
166	1890	7.57000	1953.18000	11	0	225.64057	celfplus	1488185956693	10000
167	622	6.17000	1959.35000	1	0	225.79007	celfplus	1488185956693	10000
168	224	7.47000	1966.82000	25	5	229.61682	celfplus	1488185956693	10000
169	6057	6.25000	1973.07000	13	1	231.57567	celfplus	1488185956693	10000
170	788	6.57000	1979.64000	6	1	232.48765	celfplus	1488185956693	10000
171	7070	6.74000	1986.38000	1	1	232.64625	celfplus	1488185956693	10000
172	8778	8.07000	1994.45000	6	1	233.56892	celfplus	1488185956693	10000
173	1078	6.28000	2000.73000	15	2	235.93015	celfplus	1488185956693	10000
174	8467	6.94000	2007.67000	7	1	237.01208	celfplus	1488185956693	10000
175	415	7.73000	2015.40000	5	0	237.79318	celfplus	1488185956693	10000
176	2133	7.11000	2022.51000	1	0	237.94735	celfplus	1488185956693	10000
177	1943	7.67000	2030.18000	44	4	244.90397	celfplus	1488185956693	10000
178	6477	7.14000	2037.32000	25	3	248.80477	celfplus	1488185956693	10000
179	7594	6.24000	2043.56000	6	0	249.74832	celfplus	1488185956693	10000
180	3914	6.02000	2049.58000	25	3	253.78697	celfplus	1488185956693	10000
181	1038	6.31000	2055.89000	2	0	254.11157	celfplus	1488185956693	10000
182	3827	7.84000	2063.73000	26	4	258.31628	celfplus	1488185956693	10000
183	2800	7.73000	2071.46000	4	2	258.96908	celfplus	1488185956693	10000
184	11428	6.02000	2077.48000	14	0	261.26500	celfplus	1488185956693	10000
185	56	5.76000	2083.24000	100	10	277.60403	celfplus	1488185956693	10000
186	85	6.39000	2089.63000	1	0	277.76683	celfplus	1488185956693	10000
187	76	7.56000	2097.19000	24	1	281.32033	celfplus	1488185956693	10000
188	7254	6.04000	2103.23000	3	0	281.75277	celfplus	1488185956693	10000
189	1869	5.88000	2109.11000	18	2	284.18128	celfplus	1488185956693	10000
190	1414	5.71000	2114.82000	3	1	284.59365	celfplus	1488185956693	10000
191	8450	7.02000	2121.84000	30	3	288.72878	celfplus	1488185956693	10000
192	1758	5.86000	2127.70000	1	0	288.86152	celfplus	1488185956693	10000
193	2042	6.10000	2133.80000	1	0	288.99772	celfplus	1488185956693	10000
194	403	5.76000	2139.56000	10	1	290.32617	celfplus	1488185956693	10000
195	3533	5.73000	2145.29000	11	0	291.79665	celfplus	1488185956693	10000
196	5594	6.24000	2151.53000	8	1	292.87253	celfplus	1488185956693	10000
197	3696	8.96000	2160.49000	25	1	296.10675	celfplus	1488185956693	10000
198	2374	5.92000	2166.41000	16	0	298.10128	celfplus	1488185956693	10000
199	3978	6.57000	2172.98000	16	3	300.02647	celfplus	1488185956693	10000
200	5335	7.61000	2180.59000	8	1	300.98870	celfplus	1488185956693	10000
