1	100	42.22000	42.22000	15233	0	3.27002	celf	1488034002257	10000
2	474	37.99000	80.21000	1	0	3.27473	celf	1488034002257	10000
3	124	32.39000	112.60000	8	0	3.33632	celf	1488034002257	10000
4	639	29.75000	142.35000	8	0	3.41132	celf	1488034002257	10000
5	239	31.18000	173.53000	9	0	3.50657	celf	1488034002257	10000
6	606	26.58000	200.11000	15	0	3.69715	celf	1488034002257	10000
7	287	25.58000	225.69000	6	0	3.78438	celf	1488034002257	10000
8	196	24.79000	250.48000	8	0	3.92747	celf	1488034002257	10000
9	128	23.34000	273.82000	20	0	4.32727	celf	1488034002257	10000
10	634	22.33000	296.15000	16	0	4.67587	celf	1488034002257	10000
11	66	21.31000	317.46000	16	0	5.05088	celf	1488034002257	10000
12	99	20.58000	338.04000	13	0	5.37522	celf	1488034002257	10000
13	563	19.89000	357.93000	19	0	5.86150	celf	1488034002257	10000
14	363	19.87000	377.80000	8	0	6.08292	celf	1488034002257	10000
15	1162	20.18000	397.98000	4	0	6.19653	celf	1488034002257	10000
16	210	18.90000	416.88000	21	0	6.82965	celf	1488034002257	10000
17	192	18.94000	435.82000	15	0	7.29358	celf	1488034002257	10000
18	221	18.62000	454.44000	9	0	7.58742	celf	1488034002257	10000
19	4824	18.14000	472.58000	10	0	7.93320	celf	1488034002257	10000
20	525	18.27000	490.85000	3	0	8.03427	celf	1488034002257	10000
21	535	17.19000	508.04000	23	0	8.87203	celf	1488034002257	10000
22	705	16.61000	524.65000	25	0	9.83270	celf	1488034002257	10000
23	105	15.90000	540.55000	37	0	11.28340	celf	1488034002257	10000
24	37	16.22000	556.77000	9	0	11.64178	celf	1488034002257	10000
25	15	15.74000	572.51000	21	0	12.52020	celf	1488034002257	10000
26	326	15.24000	587.75000	18	0	13.29365	celf	1488034002257	10000
27	599	15.07000	602.82000	4	0	13.46670	celf	1488034002257	10000
28	5629	15.45000	618.27000	6	0	13.73918	celf	1488034002257	10000
29	562	14.83000	633.10000	11	0	14.25495	celf	1488034002257	10000
30	989	16.03000	649.13000	11	0	14.76002	celf	1488034002257	10000
31	307	15.36000	664.49000	11	0	15.29907	celf	1488034002257	10000
32	559	15.22000	679.71000	1	0	15.34712	celf	1488034002257	10000
33	236	14.48000	694.19000	23	0	16.51577	celf	1488034002257	10000
34	80	14.42000	708.61000	14	0	17.22943	celf	1488034002257	10000
35	6072	13.60000	722.21000	26	0	18.60832	celf	1488034002257	10000
36	1987	13.10000	735.31000	54	0	21.58365	celf	1488034002257	10000
37	6675	13.30000	748.61000	3	0	21.74970	celf	1488034002257	10000
38	682	15.01000	763.62000	25	0	23.21052	celf	1488034002257	10000
39	507	13.45000	777.07000	67	0	27.22090	celf	1488034002257	10000
40	36	13.24000	790.31000	13	0	28.00895	celf	1488034002257	10000
41	14	12.40000	802.71000	36	0	30.19352	celf	1488034002257	10000
42	274	12.89000	815.60000	4	0	30.44440	celf	1488034002257	10000
43	632	11.93000	827.53000	14	0	31.35997	celf	1488034002257	10000
44	1044	12.56000	840.09000	6	0	31.74077	celf	1488034002257	10000
45	156	11.73000	851.82000	11	0	32.48738	celf	1488034002257	10000
46	6271	11.70000	863.52000	5	0	32.81915	celf	1488034002257	10000
47	60	11.38000	874.90000	33	0	35.04663	celf	1488034002257	10000
48	6638	13.06000	887.96000	1	0	35.11293	celf	1488034002257	10000
49	861	12.35000	900.31000	1	0	35.18282	celf	1488034002257	10000
50	1429	11.28000	911.59000	20	0	36.61490	celf	1488034002257	10000
51	1292	11.89000	923.48000	4	0	36.90490	celf	1488034002257	10000
52	1156	12.30000	935.78000	13	0	37.82113	celf	1488034002257	10000
53	382	12.11000	947.89000	10	0	38.53758	celf	1488034002257	10000
54	41	12.45000	960.34000	22	0	40.20980	celf	1488034002257	10000
55	92	12.31000	972.65000	2	0	40.35768	celf	1488034002257	10000
56	111	11.11000	983.76000	47	0	43.87010	celf	1488034002257	10000
57	2067	10.92000	994.68000	6	0	44.32282	celf	1488034002257	10000
58	2796	11.86000	1006.54000	11	0	45.14348	celf	1488034002257	10000
59	9994	11.88000	1018.42000	4	0	45.45335	celf	1488034002257	10000
60	140	13.36000	1031.78000	4	0	45.76865	celf	1488034002257	10000
61	741	11.44000	1043.22000	25	0	47.81060	celf	1488034002257	10000
62	266	10.94000	1054.16000	86	0	54.91065	celf	1488034002257	10000
63	4266	10.85000	1065.01000	2	0	55.07263	celf	1488034002257	10000
64	1689	11.11000	1076.12000	9	0	55.82895	celf	1488034002257	10000
65	1327	10.11000	1086.23000	4	0	56.17325	celf	1488034002257	10000
66	512	10.92000	1097.15000	10	0	57.01488	celf	1488034002257	10000
67	1520	10.33000	1107.48000	7	0	57.62023	celf	1488034002257	10000
68	5607	10.87000	1118.35000	4	0	57.94848	celf	1488034002257	10000
69	2462	12.16000	1130.51000	8	0	58.64303	celf	1488034002257	10000
70	9908	11.51000	1142.02000	9	0	59.43902	celf	1488034002257	10000
71	1635	11.15000	1153.17000	2	0	59.61138	celf	1488034002257	10000
72	2247	10.00000	1163.17000	1	0	59.69907	celf	1488034002257	10000
73	2879	10.63000	1173.80000	3	0	59.97112	celf	1488034002257	10000
74	1370	11.41000	1185.21000	31	0	62.76500	celf	1488034002257	10000
75	3462	10.06000	1195.27000	13	0	63.97353	celf	1488034002257	10000
76	255	9.73000	1205.00000	35	0	67.24723	celf	1488034002257	10000
77	122	9.81000	1214.81000	10	0	68.17575	celf	1488034002257	10000
78	3210	10.83000	1225.64000	1	0	68.27328	celf	1488034002257	10000
79	26	9.90000	1235.54000	3	0	68.60370	celf	1488034002257	10000
80	1506	9.22000	1244.76000	9	0	69.44788	celf	1488034002257	10000
81	367	9.27000	1254.03000	5	0	69.93908	celf	1488034002257	10000
82	412	10.97000	1265.00000	13	0	71.22198	celf	1488034002257	10000
83	646	9.03000	1274.03000	15	0	72.70808	celf	1488034002257	10000
84	649	9.53000	1283.56000	9	0	73.60107	celf	1488034002257	10000
85	4854	11.10000	1294.66000	1	0	73.70258	celf	1488034002257	10000
86	2133	9.78000	1304.44000	16	0	75.33637	celf	1488034002257	10000
87	3684	9.43000	1313.87000	6	0	75.94505	celf	1488034002257	10000
88	42	9.00000	1322.87000	15	0	77.54277	celf	1488034002257	10000
89	8450	9.44000	1332.31000	11	0	78.68853	celf	1488034002257	10000
90	359	10.05000	1342.36000	3	0	79.00870	celf	1488034002257	10000
91	858	8.99000	1351.35000	2	0	79.22933	celf	1488034002257	10000
92	6836	9.20000	1360.55000	110	0	91.14482	celf	1488034002257	10000
93	2389	8.37000	1368.92000	14	0	92.65802	celf	1488034002257	10000
94	3914	11.86000	1380.78000	1	0	92.76818	celf	1488034002257	10000
95	3566	8.44000	1389.22000	16	0	94.47292	celf	1488034002257	10000
96	572	8.27000	1397.49000	41	0	98.93918	celf	1488034002257	10000
97	2964	9.56000	1407.05000	7	0	99.71073	celf	1488034002257	10000
98	150	8.11000	1415.16000	24	0	102.38235	celf	1488034002257	10000
99	866	9.06000	1424.22000	5	0	102.95312	celf	1488034002257	10000
100	1888	8.69000	1432.91000	7	0	103.74783	celf	1488034002257	10000
101	2033	9.97000	1442.88000	5	0	104.31790	celf	1488034002257	10000
102	2626	8.49000	1451.37000	3	0	104.66713	celf	1488034002257	10000
103	415	9.56000	1460.93000	2	0	104.89423	celf	1488034002257	10000
104	885	9.17000	1470.10000	8	0	105.81037	celf	1488034002257	10000
105	63	9.90000	1480.00000	4	0	106.26915	celf	1488034002257	10000
106	1784	8.35000	1488.35000	37	0	110.58430	celf	1488034002257	10000
107	2928	8.26000	1496.61000	3	0	110.92462	celf	1488034002257	10000
108	839	10.13000	1506.74000	1	0	111.05380	celf	1488034002257	10000
109	1238	9.17000	1515.91000	2	0	111.28375	celf	1488034002257	10000
110	3533	10.07000	1525.98000	4	0	111.78335	celf	1488034002257	10000
111	1320	8.01000	1533.99000	93	0	123.15545	celf	1488034002257	10000
112	7417	8.93000	1542.92000	1	0	123.27245	celf	1488034002257	10000
113	1277	8.16000	1551.08000	2	0	123.51858	celf	1488034002257	10000
114	3138	8.69000	1559.77000	35	0	127.76508	celf	1488034002257	10000
115	545	8.35000	1568.12000	7	0	128.64357	celf	1488034002257	10000
116	3770	8.26000	1576.38000	8	0	129.62623	celf	1488034002257	10000
117	770	7.64000	1584.02000	1	0	129.75207	celf	1488034002257	10000
118	131	8.35000	1592.37000	34	0	134.03472	celf	1488034002257	10000
119	1153	7.55000	1599.92000	2	0	134.27895	celf	1488034002257	10000
120	52	7.42000	1607.34000	7	0	135.18505	celf	1488034002257	10000
121	2603	9.35000	1616.69000	11	0	136.60060	celf	1488034002257	10000
122	3827	8.30000	1624.99000	1	0	136.72985	celf	1488034002257	10000
123	5176	10.52000	1635.51000	1	0	136.86015	celf	1488034002257	10000
124	159	7.68000	1643.19000	6	0	137.62943	celf	1488034002257	10000
125	328	7.65000	1650.84000	1	0	137.75973	celf	1488034002257	10000
126	3779	7.47000	1658.31000	4	0	138.26612	celf	1488034002257	10000
127	1033	9.19000	1667.50000	25	0	141.51428	celf	1488034002257	10000
128	1434	7.50000	1675.00000	4	0	142.05615	celf	1488034002257	10000
129	1515	8.08000	1683.08000	5	0	142.72032	celf	1488034002257	10000
130	1188	8.22000	1691.30000	11	0	144.16105	celf	1488034002257	10000
131	3344	8.18000	1699.48000	1	0	144.29047	celf	1488034002257	10000
132	2182	7.32000	1706.80000	5	0	144.94615	celf	1488034002257	10000
133	1759	7.47000	1714.27000	44	0	150.86313	celf	1488034002257	10000
134	592	7.81000	1722.08000	2	0	151.12602	celf	1488034002257	10000
135	1869	7.91000	1729.99000	1	0	151.25463	celf	1488034002257	10000
136	3354	7.29000	1737.28000	19	0	153.82842	celf	1488034002257	10000
137	590	7.11000	1744.39000	37	0	158.94332	celf	1488034002257	10000
138	695	10.24000	1754.63000	1	0	159.08253	celf	1488034002257	10000
139	3641	8.79000	1763.42000	1	0	159.21772	celf	1488034002257	10000
140	393	8.09000	1771.51000	14	0	161.15833	celf	1488034002257	10000
141	2841	7.00000	1778.51000	2	0	161.43852	celf	1488034002257	10000
142	3042	9.11000	1787.62000	1	0	161.58348	celf	1488034002257	10000
143	515	9.45000	1797.07000	4	0	162.15928	celf	1488034002257	10000
144	1599	7.55000	1804.62000	6	0	163.02848	celf	1488034002257	10000
145	76	8.29000	1812.91000	9	0	164.32407	celf	1488034002257	10000
146	1282	8.55000	1821.46000	20	0	167.15813	celf	1488034002257	10000
147	19	7.65000	1829.11000	4	0	167.72855	celf	1488034002257	10000
148	1078	7.09000	1836.20000	10	0	169.14202	celf	1488034002257	10000
149	3847	7.41000	1843.61000	1	0	169.28063	celf	1488034002257	10000
150	3978	7.78000	1851.39000	1	0	169.42313	celf	1488034002257	10000
151	3947	8.64000	1860.03000	2	0	169.71378	celf	1488034002257	10000
152	1890	7.14000	1867.17000	3	0	170.14593	celf	1488034002257	10000
153	586	7.21000	1874.38000	16	0	172.55422	celf	1488034002257	10000
154	1159	7.79000	1882.17000	2	0	172.83423	celf	1488034002257	10000
155	5263	8.78000	1890.95000	2	0	173.13213	celf	1488034002257	10000
156	2800	7.26000	1898.21000	23	0	176.61932	celf	1488034002257	10000
157	6040	7.19000	1905.40000	2	0	176.93168	celf	1488034002257	10000
158	8461	7.49000	1912.89000	1	0	177.08080	celf	1488034002257	10000
159	2331	8.93000	1921.82000	3	0	177.52355	celf	1488034002257	10000
160	23	7.07000	1928.89000	8	0	178.74807	celf	1488034002257	10000
161	7724	7.68000	1936.57000	9	0	180.11660	celf	1488034002257	10000
162	6754	6.74000	1943.31000	35	0	185.59435	celf	1488034002257	10000
163	721	6.68000	1949.99000	56	0	194.20427	celf	1488034002257	10000
164	2817	7.06000	1957.05000	1	0	194.35987	celf	1488034002257	10000
165	6477	9.01000	1966.06000	7	0	195.45470	celf	1488034002257	10000
166	688	7.67000	1973.73000	26	0	199.51222	celf	1488034002257	10000
167	6573	8.25000	1981.98000	1	0	199.66742	celf	1488034002257	10000
168	724	6.59000	1988.57000	6	0	200.61825	celf	1488034002257	10000
169	7397	6.45000	1995.02000	44	0	207.63488	celf	1488034002257	10000
170	4181	7.99000	2003.01000	6	0	208.58100	celf	1488034002257	10000
171	3099	7.33000	2010.34000	2	0	208.88513	celf	1488034002257	10000
172	2061	6.98000	2017.32000	10	0	210.48275	celf	1488034002257	10000
173	8991	6.98000	2024.30000	2	0	210.80425	celf	1488034002257	10000
174	7267	6.86000	2031.16000	6	0	211.76597	celf	1488034002257	10000
175	10852	6.46000	2037.62000	5	0	212.56873	celf	1488034002257	10000
176	7951	6.64000	2044.26000	21	0	215.94708	celf	1488034002257	10000
177	1620	6.27000	2050.53000	26	0	220.25747	celf	1488034002257	10000
178	4799	7.51000	2058.04000	15	0	222.73898	celf	1488034002257	10000
179	1413	7.11000	2065.15000	10	0	224.37710	celf	1488034002257	10000
180	2100	7.79000	2072.94000	19	0	227.61455	celf	1488034002257	10000
181	5080	6.30000	2079.24000	33	0	233.19837	celf	1488034002257	10000
182	5335	7.82000	2087.06000	10	0	234.88322	celf	1488034002257	10000
183	224	6.20000	2093.26000	32	0	240.26185	celf	1488034002257	10000
184	793	7.23000	2100.49000	2	0	240.59925	celf	1488034002257	10000
185	5287	6.19000	2106.68000	14	0	243.00332	celf	1488034002257	10000
186	9775	6.11000	2112.79000	9	0	244.56875	celf	1488034002257	10000
187	27	6.13000	2118.92000	46	0	252.58937	celf	1488034002257	10000
188	11079	9.61000	2128.53000	16	0	255.32560	celf	1488034002257	10000
189	2283	8.24000	2136.77000	5	0	256.18847	celf	1488034002257	10000
190	1690	6.60000	2143.37000	7	0	257.41315	celf	1488034002257	10000
191	7070	6.28000	2149.65000	9	0	258.93397	celf	1488034002257	10000
192	6174	7.53000	2157.18000	23	0	263.05258	celf	1488034002257	10000
193	230	6.21000	2163.39000	21	0	266.84820	celf	1488034002257	10000
194	7226	6.66000	2170.05000	7	0	268.03002	celf	1488034002257	10000
195	5922	6.15000	2176.20000	21	0	271.58700	celf	1488034002257	10000
196	5731	6.52000	2182.72000	3	0	272.10390	celf	1488034002257	10000
197	12	6.02000	2188.74000	4	0	272.78113	celf	1488034002257	10000
198	2787	6.65000	2195.39000	31	0	277.99293	celf	1488034002257	10000
199	4353	6.54000	2201.93000	1	0	278.16097	celf	1488034002257	10000
200	5572	5.97000	2207.90000	9	0	279.71912	celf	1488034002257	10000
