1	100	42.66000	42.66000	15233	0	2.38338	celf	1488202599964	10000
2	474	37.46000	80.12000	1	0	2.38730	celf	1488202599964	10000
3	124	31.83000	111.95000	10	0	2.44057	celf	1488202599964	10000
4	639	30.73000	142.68000	7	0	2.48515	celf	1488202599964	10000
5	239	28.37000	171.05000	9	0	2.55267	celf	1488202599964	10000
6	606	29.22000	200.27000	5	0	2.59725	celf	1488202599964	10000
7	287	25.18000	225.45000	19	0	2.78702	celf	1488202599964	10000
8	196	24.86000	250.31000	2	0	2.80968	celf	1488202599964	10000
9	599	24.40000	274.71000	14	0	2.98328	celf	1488202599964	10000
10	66	20.98000	295.69000	46	0	3.59673	celf	1488202599964	10000
11	80	20.43000	316.12000	10	0	3.73940	celf	1488202599964	10000
12	705	20.81000	336.93000	1	0	3.75497	celf	1488202599964	10000
13	14	19.83000	356.76000	9	0	3.90115	celf	1488202599964	10000
14	210	19.93000	376.69000	30	0	4.41572	celf	1488202599964	10000
15	128	19.23000	395.92000	1	0	4.43400	celf	1488202599964	10000
16	525	19.28000	415.20000	5	0	4.52842	celf	1488202599964	10000
17	4824	18.41000	433.61000	7	0	4.66613	celf	1488202599964	10000
18	634	18.02000	451.63000	19	0	5.05715	celf	1488202599964	10000
19	236	17.97000	469.60000	7	0	5.20642	celf	1488202599964	10000
20	535	17.16000	486.76000	12	0	5.47275	celf	1488202599964	10000
21	37	17.81000	504.57000	3	0	5.54127	celf	1488202599964	10000
22	192	18.52000	523.09000	7	0	5.70557	celf	1488202599964	10000
23	1162	20.07000	543.16000	8	0	5.89933	celf	1488202599964	10000
24	307	15.81000	558.97000	46	0	7.04567	celf	1488202599964	10000
25	221	17.32000	576.29000	34	0	7.90645	celf	1488202599964	10000
26	326	15.23000	591.52000	3	0	7.98458	celf	1488202599964	10000
27	156	14.46000	605.98000	44	0	9.16563	celf	1488202599964	10000
28	563	13.81000	619.79000	45	0	10.39667	celf	1488202599964	10000
29	8450	14.11000	633.90000	6	0	10.56525	celf	1488202599964	10000
30	1292	16.39000	650.29000	9	0	10.81990	celf	1488202599964	10000
31	105	13.42000	663.71000	46	0	12.16077	celf	1488202599964	10000
32	266	14.49000	678.20000	7	0	12.37002	celf	1488202599964	10000
33	111	13.19000	691.39000	9	0	12.64567	celf	1488202599964	10000
34	15	14.31000	705.70000	15	0	13.11165	celf	1488202599964	10000
35	60	14.29000	719.99000	1	0	13.14335	celf	1488202599964	10000
36	507	13.36000	733.35000	3	0	13.23993	celf	1488202599964	10000
37	359	12.82000	746.17000	2	0	13.30470	celf	1488202599964	10000
38	6072	13.32000	759.49000	1	0	13.33802	celf	1488202599964	10000
39	41	14.76000	774.25000	7	0	13.57542	celf	1488202599964	10000
40	682	13.60000	787.85000	11	0	13.95233	celf	1488202599964	10000
41	989	15.67000	803.52000	9	0	14.26507	celf	1488202599964	10000
42	274	14.23000	817.75000	22	0	15.04562	celf	1488202599964	10000
43	4854	12.91000	830.66000	27	0	16.01347	celf	1488202599964	10000
44	122	11.55000	842.21000	72	0	18.62855	celf	1488202599964	10000
45	363	11.94000	854.15000	9	0	18.96100	celf	1488202599964	10000
46	562	13.74000	867.89000	6	0	19.18382	celf	1488202599964	10000
47	99	11.28000	879.17000	24	0	20.09415	celf	1488202599964	10000
48	866	11.18000	890.35000	20	0	20.86272	celf	1488202599964	10000
49	1635	11.74000	902.09000	8	0	21.17437	celf	1488202599964	10000
50	417	11.86000	913.95000	3	0	21.29180	celf	1488202599964	10000
51	2796	12.47000	926.42000	8	0	21.60935	celf	1488202599964	10000
52	5629	11.04000	937.46000	6	0	21.84652	celf	1488202599964	10000
53	793	11.44000	948.90000	2	0	21.92735	celf	1488202599964	10000
54	1429	12.82000	961.72000	2	0	22.00877	celf	1488202599964	10000
55	2389	13.28000	975.00000	3	0	22.13058	celf	1488202599964	10000
56	92	11.67000	986.67000	8	0	22.46207	celf	1488202599964	10000
57	412	10.83000	997.50000	6	0	22.71150	celf	1488202599964	10000
58	2462	13.08000	1010.58000	4	0	22.88038	celf	1488202599964	10000
59	1312	12.10000	1022.68000	16	0	23.56213	celf	1488202599964	10000
60	140	11.77000	1034.45000	3	0	23.69123	celf	1488202599964	10000
61	1987	14.59000	1049.04000	2	0	23.77817	celf	1488202599964	10000
62	2133	11.01000	1060.05000	3	0	23.90930	celf	1488202599964	10000
63	1520	11.37000	1071.42000	7	0	24.21808	celf	1488202599964	10000
64	2153	11.43000	1082.85000	13	0	24.79725	celf	1488202599964	10000
65	6638	10.65000	1093.50000	23	0	25.82863	celf	1488202599964	10000
66	1044	12.25000	1105.75000	19	0	26.69098	celf	1488202599964	10000
67	6836	10.37000	1116.12000	9	0	27.10447	celf	1488202599964	10000
68	2033	10.84000	1126.96000	1	0	27.15065	celf	1488202599964	10000
69	2927	10.55000	1137.51000	5	0	27.38267	celf	1488202599964	10000
70	255	9.90000	1147.41000	65	0	30.41433	celf	1488202599964	10000
71	1320	10.06000	1157.47000	2	0	30.50872	celf	1488202599964	10000
72	885	10.00000	1167.47000	3	0	30.65137	celf	1488202599964	10000
73	76	10.03000	1177.50000	6	0	30.93655	celf	1488202599964	10000
74	839	11.56000	1189.06000	4	0	31.12835	celf	1488202599964	10000
75	6271	11.71000	1200.77000	6	0	31.41753	celf	1488202599964	10000
76	2455	10.38000	1211.15000	7	0	31.75698	celf	1488202599964	10000
77	515	9.39000	1220.54000	91	0	36.21192	celf	1488202599964	10000
78	1434	9.49000	1230.03000	20	0	37.19993	celf	1488202599964	10000
79	9994	10.88000	1240.91000	1	0	37.25025	celf	1488202599964	10000
80	1506	9.22000	1250.13000	6	0	37.55380	celf	1488202599964	10000
81	1617	9.60000	1259.73000	2	0	37.65468	celf	1488202599964	10000
82	632	9.79000	1269.52000	13	0	38.32200	celf	1488202599964	10000
83	572	9.96000	1279.48000	10	0	38.83877	celf	1488202599964	10000
84	1759	10.59000	1290.07000	8	0	39.25570	celf	1488202599964	10000
85	349	9.06000	1299.13000	44	0	41.55872	celf	1488202599964	10000
86	1188	9.41000	1308.54000	9	0	42.02803	celf	1488202599964	10000
87	12	8.75000	1317.29000	70	0	45.71592	celf	1488202599964	10000
88	1370	10.19000	1327.48000	4	0	45.92713	celf	1488202599964	10000
89	3770	8.59000	1336.07000	21	0	47.04955	celf	1488202599964	10000
90	2783	9.75000	1345.82000	17	0	47.96078	celf	1488202599964	10000
91	4266	8.72000	1354.54000	55	0	50.93348	celf	1488202599964	10000
92	695	10.17000	1364.71000	6	0	51.25955	celf	1488202599964	10000
93	2841	8.31000	1373.02000	4	0	51.47843	celf	1488202599964	10000
94	1156	11.04000	1384.06000	7	0	51.86353	celf	1488202599964	10000
95	590	9.64000	1393.70000	10	0	52.41700	celf	1488202599964	10000
96	1784	8.41000	1402.11000	10	0	52.97292	celf	1488202599964	10000
97	582	8.36000	1410.47000	7	0	53.36585	celf	1488202599964	10000
98	1159	8.41000	1418.88000	6	0	53.70195	celf	1488202599964	10000
99	512	10.86000	1429.74000	1	0	53.75805	celf	1488202599964	10000
100	247	8.69000	1438.43000	5	0	54.03993	celf	1488202599964	10000
101	2067	10.19000	1448.62000	27	0	55.58363	celf	1488202599964	10000
102	5607	9.47000	1458.09000	44	0	58.11653	celf	1488202599964	10000
103	382	8.79000	1466.88000	8	0	58.57930	celf	1488202599964	10000
104	150	9.83000	1476.71000	5	0	58.87237	celf	1488202599964	10000
105	861	8.36000	1485.07000	1	0	58.93098	celf	1488202599964	10000
106	6561	8.82000	1493.89000	17	0	59.92922	celf	1488202599964	10000
107	2283	8.06000	1501.95000	6	0	60.28485	celf	1488202599964	10000
108	396	8.27000	1510.22000	2	0	60.40432	celf	1488202599964	10000
109	3138	10.99000	1521.21000	2	0	60.52453	celf	1488202599964	10000
110	2100	8.70000	1529.91000	2	0	60.64568	celf	1488202599964	10000
111	63	8.11000	1538.02000	65	0	64.56842	celf	1488202599964	10000
112	10122	7.70000	1545.72000	4	0	64.81218	celf	1488202599964	10000
113	1599	9.58000	1555.30000	13	0	65.60352	celf	1488202599964	10000
114	23	7.60000	1562.90000	10	0	66.21465	celf	1488202599964	10000
115	1327	10.89000	1573.79000	6	0	66.58465	celf	1488202599964	10000
116	6675	8.19000	1581.98000	4	0	66.83315	celf	1488202599964	10000
117	2800	7.66000	1589.64000	1	0	66.89493	celf	1488202599964	10000
118	442	8.07000	1597.71000	3	0	67.08228	celf	1488202599964	10000
119	649	8.27000	1605.98000	1	0	67.14510	celf	1488202599964	10000
120	3344	8.73000	1614.71000	16	0	68.15107	celf	1488202599964	10000
121	7185	7.45000	1622.16000	22	0	69.53757	celf	1488202599964	10000
122	2653	8.77000	1630.93000	5	0	69.85095	celf	1488202599964	10000
123	5176	7.67000	1638.60000	6	0	70.23207	celf	1488202599964	10000
124	393	8.31000	1646.91000	3	0	70.42363	celf	1488202599964	10000
125	1449	9.03000	1655.94000	1	0	70.48778	celf	1488202599964	10000
126	1115	7.89000	1663.83000	14	0	71.38810	celf	1488202599964	10000
127	4181	10.15000	1673.98000	1	0	71.45255	celf	1488202599964	10000
128	721	8.28000	1682.26000	8	0	71.96848	celf	1488202599964	10000
129	688	7.30000	1689.56000	29	0	73.85263	celf	1488202599964	10000
130	741	8.36000	1697.92000	5	0	74.17870	celf	1488202599964	10000
131	2061	7.49000	1705.41000	5	0	74.50755	celf	1488202599964	10000
132	2626	10.22000	1715.63000	1	0	74.57380	celf	1488202599964	10000
133	131	7.89000	1723.52000	31	0	76.61667	celf	1488202599964	10000
134	435	7.81000	1731.33000	6	0	77.01513	celf	1488202599964	10000
135	6477	9.38000	1740.71000	3	0	77.21518	celf	1488202599964	10000
136	159	7.21000	1747.92000	50	0	80.55910	celf	1488202599964	10000
137	4649	7.42000	1755.34000	2	0	80.69372	celf	1488202599964	10000
138	11079	8.05000	1763.39000	4	0	80.96398	celf	1488202599964	10000
139	592	7.32000	1770.71000	2	0	81.09942	celf	1488202599964	10000
140	10155	7.95000	1778.66000	12	0	81.91138	celf	1488202599964	10000
141	1570	7.18000	1785.84000	1	0	81.97910	celf	1488202599964	10000
142	777	7.30000	1793.14000	8	0	82.52610	celf	1488202599964	10000
143	151	8.10000	1801.24000	46	0	85.68838	celf	1488202599964	10000
144	12119	7.61000	1808.85000	5	0	86.03347	celf	1488202599964	10000
145	2331	8.59000	1817.44000	25	0	87.76383	celf	1488202599964	10000
146	1232	7.04000	1824.48000	12	0	88.59488	celf	1488202599964	10000
147	36	7.87000	1832.35000	4	0	88.87482	celf	1488202599964	10000
148	2042	6.78000	1839.13000	15	0	89.92458	celf	1488202599964	10000
149	367	7.41000	1846.54000	5	0	90.27233	celf	1488202599964	10000
150	6583	7.54000	1854.08000	2	0	90.41358	celf	1488202599964	10000
151	1078	8.03000	1862.11000	8	0	90.97637	celf	1488202599964	10000
152	7226	6.99000	1869.10000	34	0	93.37898	celf	1488202599964	10000
153	42	6.88000	1875.98000	14	0	94.37452	celf	1488202599964	10000
154	1689	8.16000	1884.14000	7	0	94.87292	celf	1488202599964	10000
155	1238	6.50000	1890.64000	89	0	101.21880	celf	1488202599964	10000
156	1890	7.54000	1898.18000	2	0	101.36207	celf	1488202599964	10000
157	436	6.92000	1905.10000	50	0	104.95708	celf	1488202599964	10000
158	2015	6.28000	1911.38000	84	0	111.00758	celf	1488202599964	10000
159	5263	8.01000	1919.39000	26	0	112.87558	celf	1488202599964	10000
160	224	6.86000	1926.25000	1	0	112.94732	celf	1488202599964	10000
161	423	6.62000	1932.87000	16	0	114.10903	celf	1488202599964	10000
162	6693	7.86000	1940.73000	19	0	115.49408	celf	1488202599964	10000
163	1060	6.50000	1947.23000	9	0	116.14877	celf	1488202599964	10000
164	2928	7.21000	1954.44000	7	0	116.66073	celf	1488202599964	10000
165	9908	7.41000	1961.85000	10	0	117.39517	celf	1488202599964	10000
166	1032	6.89000	1968.74000	12	0	118.27928	celf	1488202599964	10000
167	3641	7.25000	1975.99000	4	0	118.57545	celf	1488202599964	10000
168	8574	6.56000	1982.55000	2	0	118.72495	celf	1488202599964	10000
169	3696	7.04000	1989.59000	9	0	119.39367	celf	1488202599964	10000
170	6330	6.32000	1995.91000	1	0	119.46872	celf	1488202599964	10000
171	613	6.44000	2002.35000	9	0	120.14368	celf	1488202599964	10000
172	2127	6.66000	2009.01000	5	0	120.51853	celf	1488202599964	10000
173	1731	8.28000	2017.29000	26	0	122.48117	celf	1488202599964	10000
174	1282	7.13000	2024.42000	14	0	123.53817	celf	1488202599964	10000
175	2603	6.48000	2030.90000	15	0	124.67367	celf	1488202599964	10000
176	354	7.21000	2038.11000	11	0	125.50838	celf	1488202599964	10000
177	7724	6.88000	2044.99000	4	0	125.81415	celf	1488202599964	10000
178	7155	6.44000	2051.43000	24	0	127.63330	celf	1488202599964	10000
179	724	7.23000	2058.66000	4	0	127.94110	celf	1488202599964	10000
180	1516	6.95000	2065.61000	1	0	128.01760	celf	1488202599964	10000
181	8467	6.18000	2071.79000	4	0	128.32335	celf	1488202599964	10000
182	972	5.91000	2077.70000	81	0	134.55703	celf	1488202599964	10000
183	2916	5.93000	2083.63000	1	0	134.63452	celf	1488202599964	10000
184	3010	6.56000	2090.19000	1	0	134.71200	celf	1488202599964	10000
185	26	6.72000	2096.91000	9	0	135.41243	celf	1488202599964	10000
186	4919	6.60000	2103.51000	8	0	136.03190	celf	1488202599964	10000
187	8471	7.50000	2111.01000	63	0	140.94183	celf	1488202599964	10000
188	559	6.20000	2117.21000	6	0	141.40960	celf	1488202599964	10000
189	11431	6.48000	2123.69000	12	0	142.35660	celf	1488202599964	10000
190	7397	5.73000	2129.42000	188	0	157.18380	celf	1488202599964	10000
191	2846	6.62000	2136.04000	2	0	157.34102	celf	1488202599964	10000
192	1620	6.09000	2142.13000	35	0	160.11380	celf	1488202599964	10000
193	1521	5.46000	2147.59000	59	0	164.80473	celf	1488202599964	10000
194	2785	6.66000	2154.25000	2	0	164.96427	celf	1488202599964	10000
195	5098	5.56000	2159.81000	1	0	165.04408	celf	1488202599964	10000
196	5550	6.45000	2166.26000	10	0	165.84263	celf	1488202599964	10000
197	709	5.92000	2172.18000	2	0	166.00363	celf	1488202599964	10000
198	5893	6.52000	2178.70000	2	0	166.16530	celf	1488202599964	10000
199	2804	6.32000	2185.02000	7	0	166.73332	celf	1488202599964	10000
200	8553	5.73000	2190.75000	4	0	167.05437	celf	1488202599964	10000
