1	100	644.80000	644.80000	15233	0	33.29527	celfplus	1488202599964	10000
2	8899	34.33000	679.13000	2965	0	172.56707	celfplus	1488202599964	10000
3	9278	18.83000	697.96000	886	0	215.95120	celfplus	1488202599964	10000
4	624	18.40000	716.36000	40	0	218.00627	celfplus	1488202599964	10000
5	3138	14.10000	730.46000	609	0	249.78810	celfplus	1488202599964	10000
6	13264	14.64000	745.10000	91	1	254.66927	celfplus	1488202599964	10000
7	2075	8.54000	753.64000	1094	12	313.63240	celfplus	1488202599964	10000
8	4824	7.50000	761.14000	361	2	333.36388	celfplus	1488202599964	10000
9	639	8.97000	770.11000	131	0	340.56592	celfplus	1488202599964	10000
10	66	7.76000	777.87000	38	0	342.67742	celfplus	1488202599964	10000
11	682	8.10000	785.97000	69	0	346.54278	celfplus	1488202599964	10000
12	1292	6.14000	792.11000	333	3	365.37657	celfplus	1488202599964	10000
13	4519	6.39000	798.50000	44	0	367.88002	celfplus	1488202599964	10000
14	412	6.30000	804.80000	155	0	376.76033	celfplus	1488202599964	10000
15	571	5.40000	810.20000	180	6	387.15353	celfplus	1488202599964	10000
16	563	4.78000	814.98000	419	6	411.46688	celfplus	1488202599964	10000
17	349	5.66000	820.64000	12	1	412.16878	celfplus	1488202599964	10000
18	442	6.05000	826.69000	15	0	413.04950	celfplus	1488202599964	10000
19	1827	4.88000	831.57000	356	8	434.04535	celfplus	1488202599964	10000
20	1221	4.60000	836.17000	17	0	435.05275	celfplus	1488202599964	10000
21	989	4.82000	840.99000	30	1	436.83108	celfplus	1488202599964	10000
22	11980	4.19000	845.18000	16	1	437.78892	celfplus	1488202599964	10000
23	37	4.56000	849.74000	190	3	449.19715	celfplus	1488202599964	10000
24	227	4.31000	854.05000	69	1	453.35433	celfplus	1488202599964	10000
25	8450	3.88000	857.93000	70	0	457.59655	celfplus	1488202599964	10000
26	883	3.93000	861.86000	10	0	458.20035	celfplus	1488202599964	10000
27	307	4.01000	865.87000	10	0	458.80778	celfplus	1488202599964	10000
28	2141	5.46000	871.33000	16	0	459.78870	celfplus	1488202599964	10000
29	111	3.69000	875.02000	110	3	466.55507	celfplus	1488202599964	10000
30	367	3.84000	878.86000	98	3	472.61635	celfplus	1488202599964	10000
31	242	4.82000	883.68000	36	1	474.85208	celfplus	1488202599964	10000
32	6477	4.65000	888.33000	2	1	474.97690	celfplus	1488202599964	10000
33	3683	4.12000	892.45000	38	0	477.35807	celfplus	1488202599964	10000
34	7417	3.60000	896.05000	18	3	478.49162	celfplus	1488202599964	10000
35	1987	4.13000	900.18000	45	2	481.31853	celfplus	1488202599964	10000
36	4469	3.35000	903.53000	116	2	488.64000	celfplus	1488202599964	10000
37	1153	3.62000	907.15000	40	2	491.17312	celfplus	1488202599964	10000
38	9772	3.44000	910.59000	24	3	492.70015	celfplus	1488202599964	10000
39	1423	4.83000	915.42000	12	1	493.46475	celfplus	1488202599964	10000
40	6836	3.82000	919.24000	24	1	495.00283	celfplus	1488202599964	10000
41	1724	3.64000	922.88000	340	20	516.77238	celfplus	1488202599964	10000
42	511	3.03000	925.91000	38	2	519.22435	celfplus	1488202599964	10000
43	4944	3.02000	928.93000	11	0	519.93483	celfplus	1488202599964	10000
44	2653	2.97000	931.90000	72	1	524.59453	celfplus	1488202599964	10000
45	23	3.70000	935.60000	12	3	525.37243	celfplus	1488202599964	10000
46	839	3.94000	939.54000	4	0	525.63300	celfplus	1488202599964	10000
47	5033	3.14000	942.68000	3	2	525.82943	celfplus	1488202599964	10000
48	7992	3.02000	945.70000	18	0	527.00935	celfplus	1488202599964	10000
49	1103	4.33000	950.03000	63	3	531.12372	celfplus	1488202599964	10000
50	4266	3.15000	953.18000	95	5	537.37495	celfplus	1488202599964	10000
51	3978	3.10000	956.28000	57	3	541.13778	celfplus	1488202599964	10000
52	1339	2.91000	959.19000	19	1	542.39918	celfplus	1488202599964	10000
53	1186	3.02000	962.21000	47	1	545.52335	celfplus	1488202599964	10000
54	6072	2.84000	965.05000	3	0	545.72305	celfplus	1488202599964	10000
55	1429	2.89000	967.94000	33	1	547.92795	celfplus	1488202599964	10000
56	6754	3.21000	971.15000	4	0	548.19568	celfplus	1488202599964	10000
57	128	2.89000	974.04000	11	0	548.93462	celfplus	1488202599964	10000
58	754	3.16000	977.20000	2	0	549.06892	celfplus	1488202599964	10000
59	5813	3.89000	981.09000	3	0	549.27120	celfplus	1488202599964	10000
60	1758	3.70000	984.79000	1	0	549.33870	celfplus	1488202599964	10000
61	632	3.59000	988.38000	27	1	551.15668	celfplus	1488202599964	10000
62	945	2.74000	991.12000	17	2	552.31583	celfplus	1488202599964	10000
63	122	2.81000	993.93000	30	3	554.36437	celfplus	1488202599964	10000
64	403	3.92000	997.85000	3	0	554.56990	celfplus	1488202599964	10000
65	4422	2.75000	1000.60000	19	2	555.87525	celfplus	1488202599964	10000
66	336	2.66000	1003.26000	33	1	558.14195	celfplus	1488202599964	10000
67	3462	3.07000	1006.33000	5	0	558.48717	celfplus	1488202599964	10000
68	5607	3.26000	1009.59000	2	0	558.62530	celfplus	1488202599964	10000
69	834	3.17000	1012.76000	14	0	559.58722	celfplus	1488202599964	10000
70	1690	2.58000	1015.34000	36	2	562.07843	celfplus	1488202599964	10000
71	12469	2.85000	1018.19000	22	0	563.60040	celfplus	1488202599964	10000
72	969	2.88000	1021.07000	84	6	569.44235	celfplus	1488202599964	10000
73	90	2.83000	1023.90000	114	12	577.38212	celfplus	1488202599964	10000
74	13085	2.61000	1026.51000	46	3	580.59328	celfplus	1488202599964	10000
75	1515	2.96000	1029.47000	40	3	583.39573	celfplus	1488202599964	10000
76	1599	3.00000	1032.47000	48	4	586.75307	celfplus	1488202599964	10000
77	908	2.94000	1035.41000	5	1	587.10253	celfplus	1488202599964	10000
78	3212	3.03000	1038.44000	53	5	590.83312	celfplus	1488202599964	10000
79	4545	2.59000	1041.03000	137	7	600.50523	celfplus	1488202599964	10000
80	5461	2.91000	1043.94000	1	0	600.57627	celfplus	1488202599964	10000
81	60	2.48000	1046.42000	15	0	601.63848	celfplus	1488202599964	10000
82	6797	2.49000	1048.91000	8	1	602.20802	celfplus	1488202599964	10000
83	151	2.31000	1051.22000	43	1	605.25620	celfplus	1488202599964	10000
84	582	2.74000	1053.96000	2	1	605.39838	celfplus	1488202599964	10000
85	1842	2.75000	1056.71000	1	0	605.47020	celfplus	1488202599964	10000
86	1980	2.32000	1059.03000	90	7	611.91892	celfplus	1488202599964	10000
87	4495	2.81000	1061.84000	9	1	612.56378	celfplus	1488202599964	10000
88	5020	2.62000	1064.46000	155	9	623.69545	celfplus	1488202599964	10000
89	3455	2.23000	1066.69000	2	0	623.83937	celfplus	1488202599964	10000
90	8690	2.49000	1069.18000	3	0	624.05423	celfplus	1488202599964	10000
91	680	2.29000	1071.47000	19	2	625.42872	celfplus	1488202599964	10000
92	75	2.58000	1074.05000	44	0	628.61012	celfplus	1488202599964	10000
93	2237	2.28000	1076.33000	26	2	630.48905	celfplus	1488202599964	10000
94	3359	2.39000	1078.72000	2	0	630.63347	celfplus	1488202599964	10000
95	7756	2.47000	1081.19000	3	1	630.84988	celfplus	1488202599964	10000
96	4878	2.28000	1083.47000	4	0	631.14205	celfplus	1488202599964	10000
97	2324	2.33000	1085.80000	4	0	631.43388	celfplus	1488202599964	10000
98	1891	2.51000	1088.31000	13	0	632.37988	celfplus	1488202599964	10000
99	4284	2.19000	1090.50000	1	0	632.45335	celfplus	1488202599964	10000
100	2506	2.72000	1093.22000	36	6	635.08987	celfplus	1488202599964	10000
