1	100	42.08000	42.08000	15233	0	2.38793	celfplus	1488314347675	10000
2	474	37.97000	80.05000	1	0	2.39197	celfplus	1488314347675	10000
3	124	32.32000	112.37000	8	0	2.44462	celfplus	1488314347675	10000
4	239	30.49000	142.86000	7	0	2.49802	celfplus	1488314347675	10000
5	639	28.60000	171.46000	7	2	2.55965	celfplus	1488314347675	10000
6	287	27.45000	198.91000	5	3	2.60940	celfplus	1488314347675	10000
7	606	26.37000	225.28000	7	3	2.68692	celfplus	1488314347675	10000
8	14	25.06000	250.34000	10	1	2.80970	celfplus	1488314347675	10000
9	196	23.60000	273.94000	22	4	3.10475	celfplus	1488314347675	10000
10	66	22.58000	296.52000	9	1	3.23485	celfplus	1488314347675	10000
11	1162	23.32000	319.84000	17	7	3.49415	celfplus	1488314347675	10000
12	80	20.11000	339.95000	20	5	3.82037	celfplus	1488314347675	10000
13	563	20.44000	360.39000	25	2	4.24687	celfplus	1488314347675	10000
14	192	18.43000	378.82000	19	7	4.58605	celfplus	1488314347675	10000
15	4824	18.65000	397.47000	1	1	4.60488	celfplus	1488314347675	10000
16	266	19.24000	416.71000	7	0	4.74060	celfplus	1488314347675	10000
17	210	17.84000	434.55000	10	1	4.94415	celfplus	1488314347675	10000
18	535	17.90000	452.45000	5	2	5.04863	celfplus	1488314347675	10000
19	128	19.44000	471.89000	6	1	5.17808	celfplus	1488314347675	10000
20	326	18.31000	490.20000	3	0	5.24572	celfplus	1488314347675	10000
21	105	17.31000	507.51000	5	0	5.36280	celfplus	1488314347675	10000
22	634	16.37000	523.88000	43	4	6.41190	celfplus	1488314347675	10000
23	1987	16.44000	540.32000	1	0	6.43633	celfplus	1488314347675	10000
24	221	16.00000	556.32000	18	2	6.89323	celfplus	1488314347675	10000
25	1292	15.74000	572.06000	14	2	7.25722	celfplus	1488314347675	10000
26	37	17.40000	589.46000	23	6	7.87388	celfplus	1488314347675	10000
27	60	15.48000	604.94000	6	2	8.03667	celfplus	1488314347675	10000
28	363	15.59000	620.53000	8	3	8.26272	celfplus	1488314347675	10000
29	5629	14.38000	634.91000	47	8	9.60818	celfplus	1488314347675	10000
30	525	14.77000	649.68000	17	2	10.10458	celfplus	1488314347675	10000
31	6072	13.94000	663.62000	20	3	10.70220	celfplus	1488314347675	10000
32	307	15.16000	678.78000	3	2	10.79275	celfplus	1488314347675	10000
33	599	15.79000	694.57000	33	6	11.80802	celfplus	1488314347675	10000
34	1156	13.69000	708.26000	28	4	12.69123	celfplus	1488314347675	10000
35	989	14.49000	722.75000	8	4	12.94587	celfplus	1488314347675	10000
36	36	13.82000	736.57000	5	1	13.10897	celfplus	1488314347675	10000
37	562	16.04000	752.61000	11	0	13.47047	celfplus	1488314347675	10000
38	274	13.57000	766.18000	32	1	14.54345	celfplus	1488314347675	10000
39	682	14.37000	780.55000	9	2	14.85040	celfplus	1488314347675	10000
40	1827	12.75000	793.30000	4	1	14.98853	celfplus	1488314347675	10000
41	1429	14.30000	807.60000	37	4	16.28783	celfplus	1488314347675	10000
42	507	11.44000	819.04000	93	6	19.59290	celfplus	1488314347675	10000
43	255	12.14000	831.18000	6	1	19.80597	celfplus	1488314347675	10000
44	111	14.09000	845.27000	5	1	19.98673	celfplus	1488314347675	10000
45	2462	12.48000	857.75000	1	0	20.02340	celfplus	1488314347675	10000
46	1159	12.59000	870.34000	25	2	20.94745	celfplus	1488314347675	10000
47	359	12.23000	882.57000	2	0	21.02293	celfplus	1488314347675	10000
48	885	11.50000	894.07000	3	1	21.13748	celfplus	1488314347675	10000
49	140	12.83000	906.90000	17	6	21.79497	celfplus	1488314347675	10000
50	92	12.33000	919.23000	20	4	22.57783	celfplus	1488314347675	10000
51	236	12.33000	931.56000	11	1	23.01230	celfplus	1488314347675	10000
52	2153	12.01000	943.57000	3	0	23.13175	celfplus	1488314347675	10000
53	646	10.78000	954.35000	4	1	23.29288	celfplus	1488314347675	10000
54	1312	11.22000	965.57000	23	3	24.23195	celfplus	1488314347675	10000
55	2283	10.94000	976.51000	14	0	24.80658	celfplus	1488314347675	10000
56	6638	11.67000	988.18000	15	2	25.42933	celfplus	1488314347675	10000
57	866	10.88000	999.06000	13	1	25.97335	celfplus	1488314347675	10000
58	2033	11.08000	1010.14000	12	1	26.48138	celfplus	1488314347675	10000
59	412	11.31000	1021.45000	7	0	26.77747	celfplus	1488314347675	10000
60	839	11.24000	1032.69000	1	0	26.81962	celfplus	1488314347675	10000
61	9994	11.94000	1044.63000	6	1	27.07727	celfplus	1488314347675	10000
62	23	11.40000	1056.03000	9	0	27.47418	celfplus	1488314347675	10000
63	131	10.31000	1066.34000	3	1	27.60712	celfplus	1488314347675	10000
64	27	11.16000	1077.50000	2	2	27.69790	celfplus	1488314347675	10000
65	2796	12.80000	1090.30000	1	0	27.74367	celfplus	1488314347675	10000
66	1	10.48000	1100.78000	8	2	28.10933	celfplus	1488314347675	10000
67	2389	10.73000	1111.51000	8	1	28.48208	celfplus	1488314347675	10000
68	3641	12.28000	1123.79000	7	0	28.80965	celfplus	1488314347675	10000
69	150	10.81000	1134.60000	1	0	28.85692	celfplus	1488314347675	10000
70	1449	9.81000	1144.41000	22	1	29.90563	celfplus	1488314347675	10000
71	122	11.67000	1156.08000	10	0	30.38345	celfplus	1488314347675	10000
72	41	12.27000	1168.35000	11	1	30.91490	celfplus	1488314347675	10000
73	2626	10.00000	1178.35000	14	3	31.59738	celfplus	1488314347675	10000
74	2331	9.89000	1188.24000	15	3	32.32975	celfplus	1488314347675	10000
75	1692	12.74000	1200.98000	1	0	32.37910	celfplus	1488314347675	10000
76	1520	11.53000	1212.51000	77	10	36.22648	celfplus	1488314347675	10000
77	3095	9.42000	1221.93000	6	3	36.52858	celfplus	1488314347675	10000
78	2247	10.37000	1232.30000	8	2	36.93325	celfplus	1488314347675	10000
79	2133	8.89000	1241.19000	76	12	40.79998	celfplus	1488314347675	10000
80	3462	9.59000	1250.78000	2	0	40.90188	celfplus	1488314347675	10000
81	328	8.86000	1259.64000	15	2	41.67202	celfplus	1488314347675	10000
82	99	10.21000	1269.85000	28	3	43.12518	celfplus	1488314347675	10000
83	512	8.84000	1278.69000	8	3	43.54388	celfplus	1488314347675	10000
84	559	10.29000	1288.98000	4	3	43.75557	celfplus	1488314347675	10000
85	724	8.71000	1297.69000	11	3	44.33895	celfplus	1488314347675	10000
86	3847	8.98000	1306.67000	25	2	45.67763	celfplus	1488314347675	10000
87	1413	8.65000	1315.32000	2	0	45.78457	celfplus	1488314347675	10000
88	8450	9.06000	1324.38000	8	1	46.21588	celfplus	1488314347675	10000
89	1370	10.88000	1335.26000	2	0	46.32487	celfplus	1488314347675	10000
90	1060	10.65000	1345.91000	8	2	46.75965	celfplus	1488314347675	10000
91	2800	8.46000	1354.37000	74	12	50.84393	celfplus	1488314347675	10000
92	695	10.38000	1364.75000	4	1	51.06553	celfplus	1488314347675	10000
93	6174	8.85000	1373.60000	39	1	53.23260	celfplus	1488314347675	10000
94	4181	8.87000	1382.47000	3	0	53.39982	celfplus	1488314347675	10000
95	688	8.93000	1391.40000	6	1	53.73458	celfplus	1488314347675	10000
96	2603	9.42000	1400.82000	1	0	53.79098	celfplus	1488314347675	10000
97	6270	10.48000	1411.30000	11	2	54.41533	celfplus	1488314347675	10000
98	3827	9.11000	1420.41000	9	1	54.92902	celfplus	1488314347675	10000
99	3210	9.23000	1429.64000	99	15	60.57445	celfplus	1488314347675	10000
100	10122	7.78000	1437.42000	10	1	61.14555	celfplus	1488314347675	10000
