1	100	647.71000	647.71000	15233	0	33.42377	celfplus	1487868673248	10000
2	11425	32.90000	680.61000	3024	0	176.01257	celfplus	1487868673248	10000
3	9284	18.68000	699.29000	874	1	218.88818	celfplus	1487868673248	10000
4	266	16.14000	715.43000	215	0	229.86108	celfplus	1487868673248	10000
5	3138	15.51000	730.94000	148	25	237.58508	celfplus	1487868673248	10000
6	13256	14.33000	745.27000	110	15	243.43995	celfplus	1487868673248	10000
7	66	8.72000	753.99000	926	56	293.78303	celfplus	1487868673248	10000
8	639	9.72000	763.71000	42	0	296.09173	celfplus	1487868673248	10000
9	1292	7.86000	771.57000	99	0	301.58958	celfplus	1487868673248	10000
10	192	8.52000	780.09000	90	0	306.64303	celfplus	1487868673248	10000
11	682	6.60000	786.69000	252	2	320.88043	celfplus	1487868673248	10000
12	5629	6.53000	793.22000	52	0	323.83102	celfplus	1487868673248	10000
13	989	6.61000	799.83000	69	0	327.77685	celfplus	1487868673248	10000
14	37	5.96000	805.79000	100	4	333.52355	celfplus	1487868673248	10000
15	3210	6.04000	811.83000	53	0	336.59520	celfplus	1487868673248	10000
16	4824	6.81000	818.64000	3	0	336.77133	celfplus	1487868673248	10000
17	2409	5.46000	824.10000	106	3	342.99693	celfplus	1487868673248	10000
18	4854	5.80000	829.90000	220	7	435.75832	celfplus	1487868673248	10000
19	5000	4.18000	834.08000	521	23	466.62800	celfplus	1487868673248	10000
20	111	4.22000	838.30000	63	4	470.37272	celfplus	1487868673248	10000
21	754	4.33000	842.63000	19	1	471.50917	celfplus	1487868673248	10000
22	307	4.22000	846.85000	10	1	472.11003	celfplus	1487868673248	10000
23	4579	4.44000	851.29000	2	1	472.23075	celfplus	1487868673248	10000
24	885	4.13000	855.42000	42	1	474.77530	celfplus	1487868673248	10000
25	349	4.20000	859.62000	9	1	475.32127	celfplus	1487868673248	10000
26	1955	4.35000	863.97000	13	0	476.11610	celfplus	1487868673248	10000
27	741	4.48000	868.45000	3	1	476.30020	celfplus	1487868673248	10000
28	985	3.91000	872.36000	1	1	476.36190	celfplus	1487868673248	10000
29	6477	4.92000	877.28000	5	0	476.67212	celfplus	1487868673248	10000
30	8931	3.70000	880.98000	34	1	478.78823	celfplus	1487868673248	10000
31	186	3.84000	884.82000	8	0	479.28253	celfplus	1487868673248	10000
32	6754	3.85000	888.67000	15	0	480.22020	celfplus	1487868673248	10000
33	150	4.16000	892.83000	12	0	480.97345	celfplus	1487868673248	10000
34	8450	4.52000	897.35000	97	6	487.07863	celfplus	1487868673248	10000
35	422	3.59000	900.94000	142	11	496.06388	celfplus	1487868673248	10000
36	9775	3.74000	904.68000	6	1	496.44652	celfplus	1487868673248	10000
37	572	3.70000	908.38000	3	0	496.63722	celfplus	1487868673248	10000
38	3212	4.14000	912.52000	1	0	496.70088	celfplus	1487868673248	10000
39	2817	3.46000	915.98000	8	1	497.21462	celfplus	1487868673248	10000
40	1520	4.30000	920.28000	8	1	497.72830	celfplus	1487868673248	10000
41	2133	4.66000	924.94000	4	0	497.98607	celfplus	1487868673248	10000
42	412	3.90000	928.84000	81	2	503.23142	celfplus	1487868673248	10000
43	36	3.37000	932.21000	54	3	506.73087	celfplus	1487868673248	10000
44	2573	3.31000	935.52000	36	1	509.07968	celfplus	1487868673248	10000
45	590	3.36000	938.88000	4	0	509.34127	celfplus	1487868673248	10000
46	861	5.13000	944.01000	1	0	509.40643	celfplus	1487868673248	10000
47	1987	3.34000	947.35000	1	0	509.47188	celfplus	1487868673248	10000
48	2787	3.95000	951.30000	4	0	509.73558	celfplus	1487868673248	10000
49	1202	3.24000	954.54000	123	7	517.87157	celfplus	1487868673248	10000
50	2019	3.49000	958.03000	12	3	518.66697	celfplus	1487868673248	10000
51	2463	3.53000	961.56000	24	1	520.26395	celfplus	1487868673248	10000
52	3354	2.98000	964.54000	38	3	522.80155	celfplus	1487868673248	10000
53	2183	3.55000	968.09000	72	6	527.62570	celfplus	1487868673248	10000
54	721	2.75000	970.84000	200	11	541.03738	celfplus	1487868673248	10000
55	1617	3.58000	974.42000	56	1	544.79512	celfplus	1487868673248	10000
56	1599	3.28000	977.70000	39	3	547.42213	celfplus	1487868673248	10000
57	2774	2.91000	980.61000	7	0	547.89808	celfplus	1487868673248	10000
58	3827	2.71000	983.32000	1	0	547.96610	celfplus	1487868673248	10000
59	11693	2.92000	986.24000	3	0	548.16865	celfplus	1487868673248	10000
60	1238	3.33000	989.57000	17	1	549.32140	celfplus	1487868673248	10000
61	12051	2.80000	992.37000	12	0	550.14073	celfplus	1487868673248	10000
62	1037	2.99000	995.36000	31	6	552.26418	celfplus	1487868673248	10000
63	1312	3.05000	998.41000	46	7	555.41490	celfplus	1487868673248	10000
64	2885	2.69000	1001.10000	6	2	555.82797	celfplus	1487868673248	10000
65	152	3.33000	1004.43000	9	0	556.44820	celfplus	1487868673248	10000
66	7848	3.06000	1007.49000	81	4	562.03970	celfplus	1487868673248	10000
67	41	2.80000	1010.29000	81	7	567.64203	celfplus	1487868673248	10000
68	3650	3.30000	1013.59000	5	0	567.98980	celfplus	1487868673248	10000
69	793	3.00000	1016.59000	16	1	569.09832	celfplus	1487868673248	10000
70	2345	3.15000	1019.74000	10	1	569.79607	celfplus	1487868673248	10000
71	92	3.01000	1022.75000	11	0	570.56655	celfplus	1487868673248	10000
72	5892	2.86000	1025.61000	9	1	571.19752	celfplus	1487868673248	10000
73	866	2.69000	1028.30000	23	2	572.80617	celfplus	1487868673248	10000
74	5591	2.76000	1031.06000	13	3	573.72045	celfplus	1487868673248	10000
75	236	3.06000	1034.12000	7	0	574.21297	celfplus	1487868673248	10000
76	6072	2.90000	1037.02000	20	0	575.62827	celfplus	1487868673248	10000
77	13252	3.19000	1040.21000	3	0	575.83983	celfplus	1487868673248	10000
78	6349	2.68000	1042.89000	8	0	576.40787	celfplus	1487868673248	10000
79	1640	3.30000	1046.19000	20	2	577.83468	celfplus	1487868673248	10000
80	3120	2.37000	1048.56000	160	11	589.22568	celfplus	1487868673248	10000
81	5020	2.68000	1051.24000	187	8	602.56678	celfplus	1487868673248	10000
82	6362	2.43000	1053.67000	1	0	602.63868	celfplus	1487868673248	10000
83	381	2.58000	1056.25000	5	0	602.99853	celfplus	1487868673248	10000
84	2233	2.64000	1058.89000	2	1	603.14105	celfplus	1487868673248	10000
85	3099	2.59000	1061.48000	1	0	603.21227	celfplus	1487868673248	10000
86	2331	2.50000	1063.98000	16	2	604.36330	celfplus	1487868673248	10000
87	4181	2.47000	1066.45000	6	1	604.79752	celfplus	1487868673248	10000
88	4997	2.81000	1069.26000	1	0	604.86987	celfplus	1487868673248	10000
89	674	2.31000	1071.57000	4	1	605.15955	celfplus	1487868673248	10000
90	2997	2.98000	1074.55000	6	0	605.59485	celfplus	1487868673248	10000
91	367	2.36000	1076.91000	9	0	606.24635	celfplus	1487868673248	10000
92	3789	2.27000	1079.18000	6	2	606.68307	celfplus	1487868673248	10000
93	10098	2.40000	1081.58000	2	1	606.82948	celfplus	1487868673248	10000
94	124	2.72000	1084.30000	1	0	606.90258	celfplus	1487868673248	10000
95	242	3.05000	1087.35000	1	0	606.97648	celfplus	1487868673248	10000
96	244	2.97000	1090.32000	1	0	607.05027	celfplus	1487868673248	10000
97	393	2.77000	1093.09000	1	0	607.12387	celfplus	1487868673248	10000
98	1729	2.43000	1095.52000	6	0	607.56245	celfplus	1487868673248	10000
99	604	2.23000	1097.75000	42	1	610.65882	celfplus	1487868673248	10000
100	1464	2.71000	1100.46000	2	0	610.80613	celfplus	1487868673248	10000
