1	100	644.49000	644.49000	15233	0	33.22972	celf	1487923818091	10000
2	11430	33.17000	677.66000	2984	0	170.02333	celf	1487923818091	10000
3	705	19.02000	696.68000	848	0	211.22570	celf	1487923818091	10000
4	9284	18.83000	715.51000	55	0	213.98110	celf	1487923818091	10000
5	3138	15.88000	731.39000	486	0	238.98875	celf	1487923818091	10000
6	13257	14.47000	745.86000	169	0	247.88088	celf	1487923818091	10000
7	639	10.22000	756.08000	883	0	295.26860	celf	1487923818091	10000
8	559	7.63000	763.71000	611	0	328.38332	celf	1487923818091	10000
9	192	6.84000	770.55000	333	0	346.65732	celf	1487923818091	10000
10	4824	8.29000	778.84000	18	0	347.65602	celf	1487923818091	10000
11	563	6.51000	785.35000	189	0	358.20745	celf	1487923818091	10000
12	66	6.61000	791.96000	146	0	366.40662	celf	1487923818091	10000
13	4518	6.07000	798.03000	46	0	369.02033	celf	1487923818091	10000
14	412	6.17000	804.20000	9	0	369.53442	celf	1487923818091	10000
15	37	5.64000	809.84000	245	0	383.57353	celf	1487923818091	10000
16	682	6.72000	816.56000	170	0	393.39265	celf	1487923818091	10000
17	5000	7.10000	823.66000	58	0	396.76665	celf	1487923818091	10000
18	885	5.16000	828.82000	652	0	434.90340	celf	1487923818091	10000
19	10084	4.21000	833.03000	218	0	447.71718	celf	1487923818091	10000
20	571	4.14000	837.17000	84	0	452.68450	celf	1487923818091	10000
21	150	4.28000	841.45000	43	0	455.24107	celf	1487923818091	10000
22	3978	4.24000	845.69000	25	0	456.73455	celf	1487923818091	10000
23	5629	4.20000	849.89000	14	0	457.57302	celf	1487923818091	10000
24	41	4.07000	853.96000	7	0	457.99120	celf	1487923818091	10000
25	112	4.57000	858.53000	10	0	458.59647	celf	1487923818091	10000
26	116	4.46000	862.99000	1	0	458.65767	celf	1487923818091	10000
27	224	4.04000	867.03000	61	0	462.36633	celf	1487923818091	10000
28	793	4.24000	871.27000	59	0	465.96783	celf	1487923818091	10000
29	1987	4.28000	875.55000	53	0	469.21105	celf	1487923818091	10000
30	2389	4.25000	879.80000	33	0	471.23868	celf	1487923818091	10000
31	151	3.69000	883.49000	174	0	481.97430	celf	1487923818091	10000
32	1153	3.97000	887.46000	31	0	483.89732	celf	1487923818091	10000
33	590	4.07000	891.53000	23	0	485.32462	celf	1487923818091	10000
34	4854	3.99000	895.52000	4	0	485.57467	celf	1487923818091	10000
35	1828	3.72000	899.24000	2	0	485.69983	celf	1487923818091	10000
36	2626	3.80000	903.04000	127	0	493.68317	celf	1487923818091	10000
37	1312	4.15000	907.19000	101	0	500.02007	celf	1487923818091	10000
38	306	4.76000	911.95000	85	0	505.41375	celf	1487923818091	10000
39	989	4.45000	916.40000	249	0	521.23938	celf	1487923818091	10000
40	4048	4.17000	920.57000	26	0	522.89855	celf	1487923818091	10000
41	227	3.32000	923.89000	21	0	524.24395	celf	1487923818091	10000
42	3041	3.15000	927.04000	46	0	527.20045	celf	1487923818091	10000
43	7295	4.03000	931.07000	18	0	528.35937	celf	1487923818091	10000
44	1890	3.58000	934.65000	24	0	529.91152	celf	1487923818091	10000
45	8293	3.08000	937.73000	138	0	538.86318	celf	1487923818091	10000
46	2462	3.14000	940.87000	53	0	542.31388	celf	1487923818091	10000
47	307	3.42000	944.29000	14	0	543.22887	celf	1487923818091	10000
48	2019	3.25000	947.54000	4	0	543.49175	celf	1487923818091	10000
49	4944	3.58000	951.12000	41	0	546.18225	celf	1487923818091	10000
50	2075	4.08000	955.20000	60	0	550.13297	celf	1487923818091	10000
51	1520	3.63000	958.83000	89	0	556.00085	celf	1487923818091	10000
52	7417	4.20000	963.03000	5	0	556.33192	celf	1487923818091	10000
53	741	4.38000	967.41000	59	0	560.25092	celf	1487923818091	10000
54	5020	3.96000	971.37000	29	0	562.18485	celf	1487923818091	10000
55	1421	2.93000	974.30000	5	0	562.52023	celf	1487923818091	10000
56	6638	3.40000	977.70000	54	0	566.14013	celf	1487923818091	10000
57	1824	3.35000	981.05000	4	0	566.41047	celf	1487923818091	10000
58	76	3.58000	984.63000	16	0	567.48940	celf	1487923818091	10000
59	10519	2.92000	987.55000	12	0	568.30123	celf	1487923818091	10000
60	8450	3.58000	991.13000	89	0	574.32907	celf	1487923818091	10000
61	1156	2.93000	994.06000	45	0	577.39087	celf	1487923818091	10000
62	3463	2.67000	996.73000	8	0	577.93613	celf	1487923818091	10000
63	650	2.81000	999.54000	4	0	578.21005	celf	1487923818091	10000
64	985	2.99000	1002.53000	7	0	578.69083	celf	1487923818091	10000
65	63	3.67000	1006.20000	13	0	579.58473	celf	1487923818091	10000
66	754	3.18000	1009.38000	9	0	580.20218	celf	1487923818091	10000
67	8621	2.85000	1012.23000	1	0	580.27115	celf	1487923818091	10000
68	349	3.31000	1015.54000	23	0	581.86358	celf	1487923818091	10000
69	3359	2.66000	1018.20000	8	0	582.41788	celf	1487923818091	10000
70	1514	2.64000	1020.84000	83	0	588.18810	celf	1487923818091	10000
71	4422	2.64000	1023.48000	6	0	588.60505	celf	1487923818091	10000
72	4150	2.75000	1026.23000	9	0	589.23448	celf	1487923818091	10000
73	2247	3.68000	1029.91000	64	0	593.69772	celf	1487923818091	10000
74	6174	2.53000	1032.44000	175	0	605.95745	celf	1487923818091	10000
75	6068	3.10000	1035.54000	145	0	615.92558	celf	1487923818091	10000
76	2506	3.25000	1038.79000	14	0	616.83550	celf	1487923818091	10000
77	1759	2.66000	1041.45000	6	0	617.22012	celf	1487923818091	10000
78	1698	3.41000	1044.86000	1	0	617.28460	celf	1487923818091	10000
79	8256	2.82000	1047.68000	1	0	617.34992	celf	1487923818091	10000
80	297	2.75000	1050.43000	11	0	618.06213	celf	1487923818091	10000
81	1635	2.54000	1052.97000	218	0	633.51995	celf	1487923818091	10000
82	5354	2.55000	1055.52000	5	0	633.87738	celf	1487923818091	10000
83	1599	2.63000	1058.15000	13	0	634.80762	celf	1487923818091	10000
84	38	2.56000	1060.71000	10	0	635.52342	celf	1487923818091	10000
85	145	2.81000	1063.52000	1	0	635.59563	celf	1487923818091	10000
86	1570	3.27000	1066.79000	2	0	635.73995	celf	1487923818091	10000
87	4788	2.33000	1069.12000	3	0	635.95707	celf	1487923818091	10000
88	11759	2.96000	1072.08000	3	0	636.17270	celf	1487923818091	10000
89	7077	2.25000	1074.33000	118	0	644.69553	celf	1487923818091	10000
90	7850	2.37000	1076.70000	3	0	644.91315	celf	1487923818091	10000
91	5951	2.70000	1079.40000	40	0	647.81708	celf	1487923818091	10000
92	8400	2.37000	1081.77000	15	0	648.90453	celf	1487923818091	10000
93	6754	2.96000	1084.73000	157	0	660.33802	celf	1487923818091	10000
94	526	2.88000	1087.61000	16	0	661.50673	celf	1487923818091	10000
95	1610	2.27000	1089.88000	105	0	669.18570	celf	1487923818091	10000
96	5098	2.36000	1092.24000	4	0	669.47803	celf	1487923818091	10000
97	8438	2.69000	1094.93000	8	0	670.06712	celf	1487923818091	10000
98	5996	2.20000	1097.13000	10	0	670.80208	celf	1487923818091	10000
99	5550	3.03000	1100.16000	10	0	671.53773	celf	1487923818091	10000
100	13264	2.35000	1102.51000	44	0	674.78250	celf	1487923818091	10000
