1	100	644.49000	644.49000	15233	0	33.30125	celfplus	1487923818091	10000
2	9994	37.03000	681.52000	2972	0	173.22713	celfplus	1487923818091	10000
3	9265	17.41000	698.93000	1059	0	225.54162	celfplus	1487923818091	10000
4	639	17.79000	716.72000	70	1	229.15518	celfplus	1487923818091	10000
5	3597	14.08000	730.80000	460	21	253.22077	celfplus	1487923818091	10000
6	13245	15.04000	745.84000	9	0	253.70513	celfplus	1487923818091	10000
7	562	10.34000	756.18000	788	10	296.58802	celfplus	1487923818091	10000
8	236	10.80000	766.98000	142	0	304.42875	celfplus	1487923818091	10000
9	559	6.96000	773.94000	1010	1	360.55027	celfplus	1487923818091	10000
10	192	6.79000	780.73000	218	2	372.74427	celfplus	1487923818091	10000
11	128	7.09000	787.82000	15	1	373.59057	celfplus	1487923818091	10000
12	1292	6.58000	794.40000	365	3	394.36150	celfplus	1487923818091	10000
13	37	6.11000	800.51000	99	2	400.02523	celfplus	1487923818091	10000
14	5629	5.24000	805.75000	408	8	423.47360	celfplus	1487923818091	10000
15	682	6.46000	812.21000	39	1	425.72802	celfplus	1487923818091	10000
16	1957	5.07000	817.28000	88	1	430.85490	celfplus	1487923818091	10000
17	66	5.36000	822.64000	14	2	431.67547	celfplus	1487923818091	10000
18	572	6.00000	828.64000	75	0	436.09427	celfplus	1487923818091	10000
19	861	4.92000	833.56000	40	2	438.46178	celfplus	1487923818091	10000
20	412	4.98000	838.54000	232	4	452.26210	celfplus	1487923818091	10000
21	2748	4.57000	843.11000	32	0	454.17825	celfplus	1487923818091	10000
22	1238	5.30000	848.41000	1	0	454.23815	celfplus	1487923818091	10000
23	307	3.97000	852.38000	526	6	485.94292	celfplus	1487923818091	10000
24	545	4.28000	856.66000	2	1	486.06390	celfplus	1487923818091	10000
25	1841	4.87000	861.53000	12	1	486.79558	celfplus	1487923818091	10000
26	4280	4.03000	865.56000	57	1	490.26702	celfplus	1487923818091	10000
27	8450	3.96000	869.52000	2	0	490.38992	celfplus	1487923818091	10000
28	230	4.75000	874.27000	37	0	492.66940	celfplus	1487923818091	10000
29	989	3.54000	877.81000	308	252	511.69850	celfplus	1487923818091	10000
30	1338	3.82000	881.63000	6	11	512.07162	celfplus	1487923818091	10000
31	4228	4.32000	885.95000	16	12	513.06910	celfplus	1487923818091	10000
32	2462	3.30000	889.25000	76	49	517.81568	celfplus	1487923818091	10000
33	6169	3.25000	892.50000	6	2	518.19078	celfplus	1487923818091	10000
34	1617	3.97000	896.47000	3	1	518.37902	celfplus	1487923818091	10000
35	10106	3.50000	899.97000	8	9	518.88435	celfplus	1487923818091	10000
36	1521	3.98000	903.95000	6	1	519.26435	celfplus	1487923818091	10000
37	4854	3.46000	907.41000	2	1	519.39078	celfplus	1487923818091	10000
38	8378	3.49000	910.90000	1	0	519.45387	celfplus	1487923818091	10000
39	4523	3.45000	914.35000	20	12	520.72835	celfplus	1487923818091	10000
40	36	3.00000	917.35000	64	31	524.82735	celfplus	1487923818091	10000
41	646	3.12000	920.47000	1	0	524.89097	celfplus	1487923818091	10000
42	2283	3.64000	924.11000	2	2	525.01978	celfplus	1487923818091	10000
43	7590	3.35000	927.46000	8	4	525.53502	celfplus	1487923818091	10000
44	4944	3.31000	930.77000	30	14	527.48083	celfplus	1487923818091	10000
45	885	3.38000	934.15000	8	0	528.00117	celfplus	1487923818091	10000
46	393	3.48000	937.63000	51	16	531.31715	celfplus	1487923818091	10000
47	13876	3.37000	941.00000	23	12	532.82115	celfplus	1487923818091	10000
48	23	3.89000	944.89000	59	19	536.68542	celfplus	1487923818091	10000
49	423	3.30000	948.19000	16	1	537.73500	celfplus	1487923818091	10000
50	8210	2.96000	951.15000	94	30	543.93238	celfplus	1487923818091	10000
51	1537	2.85000	954.00000	30	5	545.90888	celfplus	1487923818091	10000
52	7810	3.20000	957.20000	15	2	546.90298	celfplus	1487923818091	10000
53	51	3.10000	960.30000	4	0	547.16983	celfplus	1487923818091	10000
54	1221	3.54000	963.84000	1	0	547.23658	celfplus	1487923818091	10000
55	4151	3.15000	966.99000	18	9	548.44122	celfplus	1487923818091	10000
56	9771	4.37000	971.36000	1	0	548.50840	celfplus	1487923818091	10000
57	4416	2.87000	974.23000	3	0	548.70975	celfplus	1487923818091	10000
58	120	2.56000	976.79000	103	26	555.63582	celfplus	1487923818091	10000
59	850	3.32000	980.11000	5	3	555.97073	celfplus	1487923818091	10000
60	1635	3.35000	983.46000	47	5	559.14687	celfplus	1487923818091	10000
61	3210	3.18000	986.64000	9	6	559.75890	celfplus	1487923818091	10000
62	5413	2.88000	989.52000	21	5	561.18722	celfplus	1487923818091	10000
63	8346	2.54000	992.06000	2	0	561.32378	celfplus	1487923818091	10000
64	2247	3.32000	995.38000	16	3	562.41697	celfplus	1487923818091	10000
65	1520	3.40000	998.78000	11	2	563.17237	celfplus	1487923818091	10000
66	3027	2.98000	1001.76000	2	0	563.30980	celfplus	1487923818091	10000
67	7940	2.47000	1004.23000	2	2	563.44760	celfplus	1487923818091	10000
68	5828	2.71000	1006.94000	5	3	563.79058	celfplus	1487923818091	10000
69	1987	2.76000	1009.70000	43	10	566.75880	celfplus	1487923818091	10000
70	3827	2.89000	1012.59000	1	0	566.82828	celfplus	1487923818091	10000
71	1044	2.83000	1015.42000	16	2	567.94147	celfplus	1487923818091	10000
72	5996	2.64000	1018.06000	4	3	568.21863	celfplus	1487923818091	10000
73	2506	2.81000	1020.87000	4	1	568.49677	celfplus	1487923818091	10000
74	4388	2.50000	1023.37000	5	0	568.84290	celfplus	1487923818091	10000
75	122	3.01000	1026.38000	1	0	568.91293	celfplus	1487923818091	10000
76	4585	2.83000	1029.21000	1	1	568.98297	celfplus	1487923818091	10000
77	4525	2.67000	1031.88000	8	2	569.54392	celfplus	1487923818091	10000
78	1038	2.45000	1034.33000	86	23	575.59740	celfplus	1487923818091	10000
79	5450	2.37000	1036.70000	3	1	575.80927	celfplus	1487923818091	10000
80	14924	2.46000	1039.16000	15	1	576.86837	celfplus	1487923818091	10000
81	4800	2.90000	1042.06000	5	0	577.22183	celfplus	1487923818091	10000
82	468	2.66000	1044.72000	1	0	577.29317	celfplus	1487923818091	10000
83	1599	2.77000	1047.49000	1	0	577.36455	celfplus	1487923818091	10000
84	4142	3.06000	1050.55000	1	0	577.43600	celfplus	1487923818091	10000
85	2846	2.87000	1053.42000	18	2	578.72332	celfplus	1487923818091	10000
86	7862	3.10000	1056.52000	1	1	578.79528	celfplus	1487923818091	10000
87	6603	2.42000	1058.94000	5	0	579.15420	celfplus	1487923818091	10000
88	843	2.70000	1061.64000	9	1	579.79993	celfplus	1487923818091	10000
89	12261	2.55000	1064.19000	11	0	580.58903	celfplus	1487923818091	10000
90	76	2.63000	1066.82000	20	5	582.03063	celfplus	1487923818091	10000
91	9908	2.91000	1069.73000	5	2	582.39213	celfplus	1487923818091	10000
92	5946	2.41000	1072.14000	4	0	582.68115	celfplus	1487923818091	10000
93	41	3.93000	1076.07000	6	0	583.11397	celfplus	1487923818091	10000
94	340	2.47000	1078.54000	1	0	583.18635	celfplus	1487923818091	10000
95	688	2.91000	1081.45000	4	2	583.47868	celfplus	1487923818091	10000
96	4860	2.53000	1083.98000	2	0	583.62398	celfplus	1487923818091	10000
97	1171	2.59000	1086.57000	14	0	584.64443	celfplus	1487923818091	10000
98	9679	3.18000	1089.75000	2	4	584.79157	celfplus	1487923818091	10000
99	1946	3.44000	1093.19000	14	0	585.82098	celfplus	1487923818091	10000
100	4896	2.54000	1095.73000	3	1	586.04202	celfplus	1487923818091	10000
